{
  "stats": {
    "suites": 18,
    "tests": 49,
    "passes": 48,
    "pending": 0,
    "failures": 1,
    "start": "2025-11-06T19:28:57.862Z",
    "end": "2025-11-06T19:29:18.304Z",
    "duration": 20442,
    "testsRegistered": 49,
    "passPercent": 97.95918367346938,
    "pendingPercent": 0,
    "other": 0,
    "hasOther": false,
    "skipped": 0,
    "hasSkipped": false
  },
  "results": [
    {
      "uuid": "3d7c85be-eb99-4f95-9826-ce19c8186f95",
      "title": "",
      "fullFile": "cypress/e2e/login-ui-ux-tests.cy.js",
      "file": "cypress/e2e/login-ui-ux-tests.cy.js",
      "beforeHooks": [],
      "afterHooks": [],
      "tests": [],
      "suites": [
        {
          "uuid": "367c1083-5852-42ce-bab0-b277b2bdd68e",
          "title": "Login UI/UX Tests",
          "fullFile": "",
          "file": "",
          "beforeHooks": [],
          "afterHooks": [],
          "tests": [],
          "suites": [
            {
              "uuid": "e5ab9881-84c3-4afe-ad3f-e38f547299d8",
              "title": "Logo and branding visible",
              "fullFile": "",
              "file": "",
              "beforeHooks": [],
              "afterHooks": [],
              "tests": [
                {
                  "title": "should contain logo",
                  "fullTitle": "Login UI/UX Tests Logo and branding visible should contain logo",
                  "timedOut": null,
                  "duration": 80,
                  "state": "passed",
                  "speed": "fast",
                  "pass": true,
                  "fail": false,
                  "pending": false,
                  "context": null,
                  "code": "cy.get('.logo').should('be.visible');",
                  "err": {},
                  "uuid": "d876daed-73d7-4aff-aa59-45d109ffa598",
                  "parentUUID": "e5ab9881-84c3-4afe-ad3f-e38f547299d8",
                  "isHook": false,
                  "skipped": false
                },
                {
                  "title": "should contain branding text",
                  "fullTitle": "Login UI/UX Tests Logo and branding visible should contain branding text",
                  "timedOut": null,
                  "duration": 33,
                  "state": "passed",
                  "speed": "fast",
                  "pass": true,
                  "fail": false,
                  "pending": false,
                  "context": null,
                  "code": "cy.get('[data-cy=\"brand-name\"]').should('be.visible').and('contain', 'SecureAuth');",
                  "err": {},
                  "uuid": "096e7740-4f21-434c-bac8-4dab5eee7645",
                  "parentUUID": "e5ab9881-84c3-4afe-ad3f-e38f547299d8",
                  "isHook": false,
                  "skipped": false
                }
              ],
              "suites": [],
              "passes": [
                "d876daed-73d7-4aff-aa59-45d109ffa598",
                "096e7740-4f21-434c-bac8-4dab5eee7645"
              ],
              "failures": [],
              "pending": [],
              "skipped": [],
              "duration": 113,
              "root": false,
              "rootEmpty": false,
              "_timeout": 2000
            },
            {
              "uuid": "9a608520-884b-4723-94b9-973648f272a2",
              "title": "Username/email and password fields labeled",
              "fullFile": "",
              "file": "",
              "beforeHooks": [],
              "afterHooks": [],
              "tests": [
                {
                  "title": "should contain username/email field",
                  "fullTitle": "Login UI/UX Tests Username/email and password fields labeled should contain username/email field",
                  "timedOut": null,
                  "duration": 28,
                  "state": "passed",
                  "speed": "fast",
                  "pass": true,
                  "fail": false,
                  "pending": false,
                  "context": null,
                  "code": "cy.contains('Email Address').should('be.visible');\ncy.get('[data-cy=\"email-input\"]').should('be.visible').and('have.attr', 'placeholder', 'Enter your email');",
                  "err": {},
                  "uuid": "8d773573-3472-4282-8d53-8a5a9a70d6da",
                  "parentUUID": "9a608520-884b-4723-94b9-973648f272a2",
                  "isHook": false,
                  "skipped": false
                },
                {
                  "title": "should contain password field",
                  "fullTitle": "Login UI/UX Tests Username/email and password fields labeled should contain password field",
                  "timedOut": null,
                  "duration": 26,
                  "state": "passed",
                  "speed": "fast",
                  "pass": true,
                  "fail": false,
                  "pending": false,
                  "context": null,
                  "code": "cy.contains('Password').should('be.visible');\ncy.get('[data-cy=\"password-input\"]').should('be.visible').and('have.attr', 'placeholder', 'Enter your password');",
                  "err": {},
                  "uuid": "033ada89-1adb-4d49-8e2e-6efcd8329f90",
                  "parentUUID": "9a608520-884b-4723-94b9-973648f272a2",
                  "isHook": false,
                  "skipped": false
                }
              ],
              "suites": [],
              "passes": [
                "8d773573-3472-4282-8d53-8a5a9a70d6da",
                "033ada89-1adb-4d49-8e2e-6efcd8329f90"
              ],
              "failures": [],
              "pending": [],
              "skipped": [],
              "duration": 54,
              "root": false,
              "rootEmpty": false,
              "_timeout": 2000
            },
            {
              "uuid": "78f33f6d-5b7e-40b6-bcc9-c88f7b2f08af",
              "title": "Button visibility and state",
              "fullFile": "",
              "file": "",
              "beforeHooks": [],
              "afterHooks": [],
              "tests": [
                {
                  "title": "should display visible and aligned login button",
                  "fullTitle": "Login UI/UX Tests Button visibility and state should display visible and aligned login button",
                  "timedOut": null,
                  "duration": 23,
                  "state": "passed",
                  "speed": "fast",
                  "pass": true,
                  "fail": false,
                  "pending": false,
                  "context": null,
                  "code": "cy.get('[data-cy=\"login-button\"]').should('be.visible').and('contain', 'Login').and('have.attr', 'type', 'submit').and('have.attr', 'id', 'login-btn');",
                  "err": {},
                  "uuid": "c0aa05cc-e9be-4c9d-a681-90a0140efa8f",
                  "parentUUID": "78f33f6d-5b7e-40b6-bcc9-c88f7b2f08af",
                  "isHook": false,
                  "skipped": false
                }
              ],
              "suites": [],
              "passes": [
                "c0aa05cc-e9be-4c9d-a681-90a0140efa8f"
              ],
              "failures": [],
              "pending": [],
              "skipped": [],
              "duration": 23,
              "root": false,
              "rootEmpty": false,
              "_timeout": 2000
            },
            {
              "uuid": "7c3bc1e8-5ad7-466f-a9b1-a4ab34dfd7e6",
              "title": "Links visible and working",
              "fullFile": "",
              "file": "",
              "beforeHooks": [],
              "afterHooks": [],
              "tests": [
                {
                  "title": "should display \"Forgot password?\" link",
                  "fullTitle": "Login UI/UX Tests Links visible and working should display \"Forgot password?\" link",
                  "timedOut": null,
                  "duration": 171,
                  "state": "passed",
                  "speed": "fast",
                  "pass": true,
                  "fail": false,
                  "pending": false,
                  "context": null,
                  "code": "cy.get('[data-cy=\"forgot-password\"]').should('be.visible').and('contain', 'Forgot password?').click();\ncy.get('[class=\"modal-content\"]').should('be.visible');\ncy.get('[data-cy=\"close-modal\"]').click();\ncy.get('[class=\"modal-content\"]').should('not.be.visible');",
                  "err": {},
                  "uuid": "51fcc355-dbf6-48ed-8fa0-d2f410a449d0",
                  "parentUUID": "7c3bc1e8-5ad7-466f-a9b1-a4ab34dfd7e6",
                  "isHook": false,
                  "skipped": false
                },
                {
                  "title": "should display \"Sign up\" link with correct href",
                  "fullTitle": "Login UI/UX Tests Links visible and working should display \"Sign up\" link with correct href",
                  "timedOut": null,
                  "duration": 26,
                  "state": "passed",
                  "speed": "fast",
                  "pass": true,
                  "fail": false,
                  "pending": false,
                  "context": null,
                  "code": "cy.get('[data-cy=\"signup-link\"]').should('be.visible').and('contain', 'Sign up').and('have.attr', 'href', 'pages/signup.html');",
                  "err": {},
                  "uuid": "b0cdfaa6-80fb-4924-8155-7abc73f61469",
                  "parentUUID": "7c3bc1e8-5ad7-466f-a9b1-a4ab34dfd7e6",
                  "isHook": false,
                  "skipped": false
                }
              ],
              "suites": [],
              "passes": [
                "51fcc355-dbf6-48ed-8fa0-d2f410a449d0",
                "b0cdfaa6-80fb-4924-8155-7abc73f61469"
              ],
              "failures": [],
              "pending": [],
              "skipped": [],
              "duration": 197,
              "root": false,
              "rootEmpty": false,
              "_timeout": 2000
            },
            {
              "uuid": "ed5fb9bc-a727-4b19-8333-0952c85b0ad0",
              "title": "Consistent font, colors, and spacing",
              "fullFile": "",
              "file": "",
              "beforeHooks": [],
              "afterHooks": [],
              "tests": [
                {
                  "title": "should have consistent font family",
                  "fullTitle": "Login UI/UX Tests Consistent font, colors, and spacing should have consistent font family",
                  "timedOut": null,
                  "duration": 24,
                  "state": "passed",
                  "speed": "fast",
                  "pass": true,
                  "fail": false,
                  "pending": false,
                  "context": null,
                  "code": "cy.get('body').should('have.css', 'font-family');\ncy.get('[data-cy=\"brand-name\"]').should('have.css', 'font-family');\ncy.get('[data-cy=\"email-input\"]').should('have.css', 'font-family');",
                  "err": {},
                  "uuid": "bafe486a-08b6-4e85-9247-1b6d6cbbc6f7",
                  "parentUUID": "ed5fb9bc-a727-4b19-8333-0952c85b0ad0",
                  "isHook": false,
                  "skipped": false
                },
                {
                  "title": "should use primary brand color consistently",
                  "fullTitle": "Login UI/UX Tests Consistent font, colors, and spacing should use primary brand color consistently",
                  "timedOut": null,
                  "duration": 21,
                  "state": "passed",
                  "speed": "fast",
                  "pass": true,
                  "fail": false,
                  "pending": false,
                  "context": null,
                  "code": "cy.get('[data-cy=\"brand-name\"]').should('have.css', 'color', 'rgb(102, 126, 234)');\ncy.get('[data-cy=\"login-button\"]').should('have.css', 'background-color', 'rgb(102, 126, 234)');",
                  "err": {},
                  "uuid": "2de7a58a-dba7-4d66-ab52-d4389f1a2c15",
                  "parentUUID": "ed5fb9bc-a727-4b19-8333-0952c85b0ad0",
                  "isHook": false,
                  "skipped": false
                },
                {
                  "title": "should have consistent spacing between form fields",
                  "fullTitle": "Login UI/UX Tests Consistent font, colors, and spacing should have consistent spacing between form fields",
                  "timedOut": null,
                  "duration": 22,
                  "state": "passed",
                  "speed": "fast",
                  "pass": true,
                  "fail": false,
                  "pending": false,
                  "context": null,
                  "code": "cy.get('.form-group').first().should('have.css', 'margin-bottom', '20px');",
                  "err": {},
                  "uuid": "264cd824-1054-4422-8698-37e7c41d97b6",
                  "parentUUID": "ed5fb9bc-a727-4b19-8333-0952c85b0ad0",
                  "isHook": false,
                  "skipped": false
                },
                {
                  "title": "should have consistent input border radius",
                  "fullTitle": "Login UI/UX Tests Consistent font, colors, and spacing should have consistent input border radius",
                  "timedOut": null,
                  "duration": 20,
                  "state": "passed",
                  "speed": "fast",
                  "pass": true,
                  "fail": false,
                  "pending": false,
                  "context": null,
                  "code": "cy.get('[data-cy=\"email-input\"]').should('have.css', 'border-radius', '8px');",
                  "err": {},
                  "uuid": "6a1704e4-842e-47bd-8a60-c4f1349f9d8c",
                  "parentUUID": "ed5fb9bc-a727-4b19-8333-0952c85b0ad0",
                  "isHook": false,
                  "skipped": false
                },
                {
                  "title": "should have consistent button styling",
                  "fullTitle": "Login UI/UX Tests Consistent font, colors, and spacing should have consistent button styling",
                  "timedOut": null,
                  "duration": 19,
                  "state": "passed",
                  "speed": "fast",
                  "pass": true,
                  "fail": false,
                  "pending": false,
                  "context": null,
                  "code": "cy.get('[data-cy=\"login-button\"]').should('have.css', 'border-radius', '8px').and('have.css', 'color', 'rgb(255, 255, 255)');",
                  "err": {},
                  "uuid": "733fa2bb-27ac-45b7-815f-b3860c1fbe48",
                  "parentUUID": "ed5fb9bc-a727-4b19-8333-0952c85b0ad0",
                  "isHook": false,
                  "skipped": false
                }
              ],
              "suites": [],
              "passes": [
                "bafe486a-08b6-4e85-9247-1b6d6cbbc6f7",
                "2de7a58a-dba7-4d66-ab52-d4389f1a2c15",
                "264cd824-1054-4422-8698-37e7c41d97b6",
                "6a1704e4-842e-47bd-8a60-c4f1349f9d8c",
                "733fa2bb-27ac-45b7-815f-b3860c1fbe48"
              ],
              "failures": [],
              "pending": [],
              "skipped": [],
              "duration": 106,
              "root": false,
              "rootEmpty": false,
              "_timeout": 2000
            },
            {
              "uuid": "ecdfec83-d0d6-4bf7-b749-8a671e72eab6",
              "title": "Email field validation",
              "fullFile": "",
              "file": "",
              "beforeHooks": [],
              "afterHooks": [],
              "tests": [
                {
                  "title": "should accept valid email format",
                  "fullTitle": "Login UI/UX Tests Email field validation should accept valid email format",
                  "timedOut": null,
                  "duration": 323,
                  "state": "passed",
                  "speed": "fast",
                  "pass": true,
                  "fail": false,
                  "pending": false,
                  "context": null,
                  "code": "cy.get('[data-cy=\"email-input\"]').type('user@example.com').should('have.value', 'user@example.com');",
                  "err": {},
                  "uuid": "9fc21e18-264a-48ad-81cd-96e239330044",
                  "parentUUID": "ecdfec83-d0d6-4bf7-b749-8a671e72eab6",
                  "isHook": false,
                  "skipped": false
                },
                {
                  "title": "should have email type attribute",
                  "fullTitle": "Login UI/UX Tests Email field validation should have email type attribute",
                  "timedOut": null,
                  "duration": 24,
                  "state": "passed",
                  "speed": "fast",
                  "pass": true,
                  "fail": false,
                  "pending": false,
                  "context": null,
                  "code": "cy.get('[data-cy=\"email-input\"]').should('have.attr', 'type', 'email');",
                  "err": {},
                  "uuid": "288358f0-d2ea-4673-8450-f63615329409",
                  "parentUUID": "ecdfec83-d0d6-4bf7-b749-8a671e72eab6",
                  "isHook": false,
                  "skipped": false
                },
                {
                  "title": "should be required field",
                  "fullTitle": "Login UI/UX Tests Email field validation should be required field",
                  "timedOut": null,
                  "duration": 20,
                  "state": "passed",
                  "speed": "fast",
                  "pass": true,
                  "fail": false,
                  "pending": false,
                  "context": null,
                  "code": "cy.get('[data-cy=\"email-input\"]').should('have.attr', 'required');",
                  "err": {},
                  "uuid": "17f63e28-d909-460b-9f1d-b50fa0ef7722",
                  "parentUUID": "ecdfec83-d0d6-4bf7-b749-8a671e72eab6",
                  "isHook": false,
                  "skipped": false
                }
              ],
              "suites": [],
              "passes": [
                "9fc21e18-264a-48ad-81cd-96e239330044",
                "288358f0-d2ea-4673-8450-f63615329409",
                "17f63e28-d909-460b-9f1d-b50fa0ef7722"
              ],
              "failures": [],
              "pending": [],
              "skipped": [],
              "duration": 367,
              "root": false,
              "rootEmpty": false,
              "_timeout": 2000
            },
            {
              "uuid": "f2931015-8cbe-4257-8c7e-1a1fa2f9d790",
              "title": "Password masking",
              "fullFile": "",
              "file": "",
              "beforeHooks": [],
              "afterHooks": [],
              "tests": [
                {
                  "title": "should mask password by default",
                  "fullTitle": "Login UI/UX Tests Password masking should mask password by default",
                  "timedOut": null,
                  "duration": 22,
                  "state": "passed",
                  "speed": "fast",
                  "pass": true,
                  "fail": false,
                  "pending": false,
                  "context": null,
                  "code": "cy.get('[data-cy=\"password-input\"]').should('have.attr', 'type', 'password');",
                  "err": {},
                  "uuid": "f710b085-0261-4c9d-aca5-1280132db53a",
                  "parentUUID": "f2931015-8cbe-4257-8c7e-1a1fa2f9d790",
                  "isHook": false,
                  "skipped": false
                },
                {
                  "title": "should display toggle password button",
                  "fullTitle": "Login UI/UX Tests Password masking should display toggle password button",
                  "timedOut": null,
                  "duration": 21,
                  "state": "passed",
                  "speed": "fast",
                  "pass": true,
                  "fail": false,
                  "pending": false,
                  "context": null,
                  "code": "cy.get('[data-cy=\"toggle-password\"]').should('be.visible');",
                  "err": {},
                  "uuid": "8612b16e-7ea9-4c53-b3ac-f47a97962df7",
                  "parentUUID": "f2931015-8cbe-4257-8c7e-1a1fa2f9d790",
                  "isHook": false,
                  "skipped": false
                },
                {
                  "title": "should reveal password when toggle is clicked",
                  "fullTitle": "Login UI/UX Tests Password masking should reveal password when toggle is clicked",
                  "timedOut": null,
                  "duration": 435,
                  "state": "passed",
                  "speed": "fast",
                  "pass": true,
                  "fail": false,
                  "pending": false,
                  "context": null,
                  "code": "cy.get('[data-cy=\"password-input\"]').type('mySecretPassword');\ncy.get('[data-cy=\"password-input\"]').should('have.attr', 'type', 'password');\ncy.get('[data-cy=\"toggle-password\"]').click();\ncy.get('[data-cy=\"password-input\"]').should('have.attr', 'type', 'text');",
                  "err": {},
                  "uuid": "73687bfa-112a-460b-8701-f1b9feb2977c",
                  "parentUUID": "f2931015-8cbe-4257-8c7e-1a1fa2f9d790",
                  "isHook": false,
                  "skipped": false
                },
                {
                  "title": "should hide password again when toggle is clicked twice",
                  "fullTitle": "Login UI/UX Tests Password masking should hide password again when toggle is clicked twice",
                  "timedOut": null,
                  "duration": 481,
                  "state": "passed",
                  "speed": "fast",
                  "pass": true,
                  "fail": false,
                  "pending": false,
                  "context": null,
                  "code": "cy.get('[data-cy=\"password-input\"]').type('mySecretPassword');\ncy.get('[data-cy=\"toggle-password\"]').click();\ncy.get('[data-cy=\"password-input\"]').should('have.attr', 'type', 'text');\ncy.get('[data-cy=\"toggle-password\"]').click();\ncy.get('[data-cy=\"password-input\"]').should('have.attr', 'type', 'password');",
                  "err": {},
                  "uuid": "55de9032-0f16-47ea-8af0-32a0d266f890",
                  "parentUUID": "f2931015-8cbe-4257-8c7e-1a1fa2f9d790",
                  "isHook": false,
                  "skipped": false
                },
                {
                  "title": "should keep password value when toggling visibility",
                  "fullTitle": "Login UI/UX Tests Password masking should keep password value when toggling visibility",
                  "timedOut": null,
                  "duration": 491,
                  "state": "passed",
                  "speed": "fast",
                  "pass": true,
                  "fail": false,
                  "pending": false,
                  "context": null,
                  "code": "const password = 'reallyStrongPassword2025';\ncy.get('[data-cy=\"password-input\"]').type(password);\ncy.get('[data-cy=\"toggle-password\"]').click();\ncy.get('[data-cy=\"password-input\"]').should('have.value', password);",
                  "err": {},
                  "uuid": "a20b362c-c0ae-4599-8dfd-81488fc96a49",
                  "parentUUID": "f2931015-8cbe-4257-8c7e-1a1fa2f9d790",
                  "isHook": false,
                  "skipped": false
                }
              ],
              "suites": [],
              "passes": [
                "f710b085-0261-4c9d-aca5-1280132db53a",
                "8612b16e-7ea9-4c53-b3ac-f47a97962df7",
                "73687bfa-112a-460b-8701-f1b9feb2977c",
                "55de9032-0f16-47ea-8af0-32a0d266f890",
                "a20b362c-c0ae-4599-8dfd-81488fc96a49"
              ],
              "failures": [],
              "pending": [],
              "skipped": [],
              "duration": 1450,
              "root": false,
              "rootEmpty": false,
              "_timeout": 2000
            },
            {
              "uuid": "8b699c1b-eb9c-4716-8528-729a315e6edd",
              "title": "Tab order (keyboard navigation)",
              "fullFile": "",
              "file": "",
              "beforeHooks": [],
              "afterHooks": [],
              "tests": [
                {
                  "title": "should allow focusing email field",
                  "fullTitle": "Login UI/UX Tests Tab order (keyboard navigation) should allow focusing email field",
                  "timedOut": null,
                  "duration": 27,
                  "state": "passed",
                  "speed": "fast",
                  "pass": true,
                  "fail": false,
                  "pending": false,
                  "context": null,
                  "code": "cy.get('[data-cy=\"email-input\"]').focus();\ncy.focused().should('have.attr', 'data-cy', 'email-input');",
                  "err": {},
                  "uuid": "70a63cb6-cfec-471b-bc68-6f389022fbb0",
                  "parentUUID": "8b699c1b-eb9c-4716-8528-729a315e6edd",
                  "isHook": false,
                  "skipped": false
                },
                {
                  "title": "should allow focusing password field",
                  "fullTitle": "Login UI/UX Tests Tab order (keyboard navigation) should allow focusing password field",
                  "timedOut": null,
                  "duration": 23,
                  "state": "passed",
                  "speed": "fast",
                  "pass": true,
                  "fail": false,
                  "pending": false,
                  "context": null,
                  "code": "cy.get('[data-cy=\"password-input\"]').focus();\ncy.focused().should('have.attr', 'data-cy', 'password-input');",
                  "err": {},
                  "uuid": "2672754c-7a2e-46f5-9c6f-ba23ab53c5b0",
                  "parentUUID": "8b699c1b-eb9c-4716-8528-729a315e6edd",
                  "isHook": false,
                  "skipped": false
                },
                {
                  "title": "should allow focusing login button",
                  "fullTitle": "Login UI/UX Tests Tab order (keyboard navigation) should allow focusing login button",
                  "timedOut": null,
                  "duration": 21,
                  "state": "passed",
                  "speed": "fast",
                  "pass": true,
                  "fail": false,
                  "pending": false,
                  "context": null,
                  "code": "cy.get('[data-cy=\"login-button\"]').focus();\ncy.focused().should('have.attr', 'data-cy', 'login-button');",
                  "err": {},
                  "uuid": "7bad71e1-6021-4026-a803-2afd37a41ba6",
                  "parentUUID": "8b699c1b-eb9c-4716-8528-729a315e6edd",
                  "isHook": false,
                  "skipped": false
                },
                {
                  "title": "should submit form with Enter key in login field",
                  "fullTitle": "Login UI/UX Tests Tab order (keyboard navigation) should submit form with Enter key in login field",
                  "timedOut": null,
                  "duration": 511,
                  "state": "passed",
                  "speed": "fast",
                  "pass": true,
                  "fail": false,
                  "pending": false,
                  "context": null,
                  "code": "cy.get('[data-cy=\"email-input\"]').type('user@test.com{enter}');\ncy.get('[data-cy=\"password-input\"]').type('Password123!{enter}');\ncy.get('[data-cy=\"login-button\"]').should('exist');",
                  "err": {},
                  "uuid": "1d2d21d9-dc1b-466e-a784-c9a240f440ab",
                  "parentUUID": "8b699c1b-eb9c-4716-8528-729a315e6edd",
                  "isHook": false,
                  "skipped": false
                }
              ],
              "suites": [],
              "passes": [
                "70a63cb6-cfec-471b-bc68-6f389022fbb0",
                "2672754c-7a2e-46f5-9c6f-ba23ab53c5b0",
                "7bad71e1-6021-4026-a803-2afd37a41ba6",
                "1d2d21d9-dc1b-466e-a784-c9a240f440ab"
              ],
              "failures": [],
              "pending": [],
              "skipped": [],
              "duration": 582,
              "root": false,
              "rootEmpty": false,
              "_timeout": 2000
            },
            {
              "uuid": "e026de8d-0781-4381-b9b9-b4bfada87daf",
              "title": "Autofill and Remember me",
              "fullFile": "",
              "file": "",
              "beforeHooks": [],
              "afterHooks": [],
              "tests": [
                {
                  "title": "should display \"Remember me\" checkbox",
                  "fullTitle": "Login UI/UX Tests Autofill and Remember me should display \"Remember me\" checkbox",
                  "timedOut": null,
                  "duration": 24,
                  "state": "passed",
                  "speed": "fast",
                  "pass": true,
                  "fail": false,
                  "pending": false,
                  "context": null,
                  "code": "cy.get('[data-cy=\"remember-me\"]').should('be.visible');",
                  "err": {},
                  "uuid": "92406298-11a6-4375-b9f3-aa2c963135b3",
                  "parentUUID": "e026de8d-0781-4381-b9b9-b4bfada87daf",
                  "isHook": false,
                  "skipped": false
                },
                {
                  "title": "should display \"Remember me\" label",
                  "fullTitle": "Login UI/UX Tests Autofill and Remember me should display \"Remember me\" label",
                  "timedOut": null,
                  "duration": 21,
                  "state": "passed",
                  "speed": "fast",
                  "pass": true,
                  "fail": false,
                  "pending": false,
                  "context": null,
                  "code": "cy.contains('Remember me').should('be.visible');",
                  "err": {},
                  "uuid": "4fbd609a-c806-41b2-b1fb-7bba0f0ab531",
                  "parentUUID": "e026de8d-0781-4381-b9b9-b4bfada87daf",
                  "isHook": false,
                  "skipped": false
                },
                {
                  "title": "should be unchecked by default",
                  "fullTitle": "Login UI/UX Tests Autofill and Remember me should be unchecked by default",
                  "timedOut": null,
                  "duration": 19,
                  "state": "passed",
                  "speed": "fast",
                  "pass": true,
                  "fail": false,
                  "pending": false,
                  "context": null,
                  "code": "cy.get('[data-cy=\"remember-me\"]').should('not.be.checked');",
                  "err": {},
                  "uuid": "ade76859-f1d6-4548-b69e-09dc185eec0b",
                  "parentUUID": "e026de8d-0781-4381-b9b9-b4bfada87daf",
                  "isHook": false,
                  "skipped": false
                },
                {
                  "title": "should allow checking the checkbox",
                  "fullTitle": "Login UI/UX Tests Autofill and Remember me should allow checking the checkbox",
                  "timedOut": null,
                  "duration": 93,
                  "state": "passed",
                  "speed": "fast",
                  "pass": true,
                  "fail": false,
                  "pending": false,
                  "context": null,
                  "code": "cy.get('[data-cy=\"remember-me\"]').check();\ncy.get('[data-cy=\"remember-me\"]').should('be.checked');",
                  "err": {},
                  "uuid": "b84354e8-0a98-4acc-801d-23ba7f2b42a4",
                  "parentUUID": "e026de8d-0781-4381-b9b9-b4bfada87daf",
                  "isHook": false,
                  "skipped": false
                },
                {
                  "title": "should allow unchecking the checkbox",
                  "fullTitle": "Login UI/UX Tests Autofill and Remember me should allow unchecking the checkbox",
                  "timedOut": null,
                  "duration": 163,
                  "state": "passed",
                  "speed": "fast",
                  "pass": true,
                  "fail": false,
                  "pending": false,
                  "context": null,
                  "code": "cy.get('[data-cy=\"remember-me\"]').check().uncheck();\ncy.get('[data-cy=\"remember-me\"]').should('not.be.checked');",
                  "err": {},
                  "uuid": "7f1396d6-a30f-4f22-b85c-bae1ce4c1ef2",
                  "parentUUID": "e026de8d-0781-4381-b9b9-b4bfada87daf",
                  "isHook": false,
                  "skipped": false
                }
              ],
              "suites": [],
              "passes": [
                "92406298-11a6-4375-b9f3-aa2c963135b3",
                "4fbd609a-c806-41b2-b1fb-7bba0f0ab531",
                "ade76859-f1d6-4548-b69e-09dc185eec0b",
                "b84354e8-0a98-4acc-801d-23ba7f2b42a4",
                "7f1396d6-a30f-4f22-b85c-bae1ce4c1ef2"
              ],
              "failures": [],
              "pending": [],
              "skipped": [],
              "duration": 320,
              "root": false,
              "rootEmpty": false,
              "_timeout": 2000
            },
            {
              "uuid": "8ec7c2eb-fae4-428a-bae9-c93aea29658f",
              "title": "Copy/paste in password field",
              "fullFile": "",
              "file": "",
              "beforeHooks": [],
              "afterHooks": [],
              "tests": [
                {
                  "title": "should allow pasting password",
                  "fullTitle": "Login UI/UX Tests Copy/paste in password field should allow pasting password",
                  "timedOut": null,
                  "duration": 27,
                  "state": "passed",
                  "speed": "fast",
                  "pass": true,
                  "fail": false,
                  "pending": false,
                  "context": null,
                  "code": "cy.get('[data-cy=\"password-input\"]').invoke('val', password).should('have.value', password);",
                  "err": {},
                  "uuid": "fbc3643c-83ae-49be-b4a6-c844485cbd7b",
                  "parentUUID": "8ec7c2eb-fae4-428a-bae9-c93aea29658f",
                  "isHook": false,
                  "skipped": false
                },
                {
                  "title": "should allow typing and clearing password",
                  "fullTitle": "Login UI/UX Tests Copy/paste in password field should allow typing and clearing password",
                  "timedOut": null,
                  "duration": 343,
                  "state": "passed",
                  "speed": "fast",
                  "pass": true,
                  "fail": false,
                  "pending": false,
                  "context": null,
                  "code": "cy.get('[data-cy=\"password-input\"]').type('ThePassword').should('have.value', 'ThePassword').clear().should('have.value', '');",
                  "err": {},
                  "uuid": "3291a163-88c7-4164-add0-4224d72de797",
                  "parentUUID": "8ec7c2eb-fae4-428a-bae9-c93aea29658f",
                  "isHook": false,
                  "skipped": false
                },
                {
                  "title": "should allow selecting all text in password field",
                  "fullTitle": "Login UI/UX Tests Copy/paste in password field should allow selecting all text in password field",
                  "timedOut": null,
                  "duration": 714,
                  "state": "passed",
                  "speed": "fast",
                  "pass": true,
                  "fail": false,
                  "pending": false,
                  "context": null,
                  "code": "cy.get('[data-cy=\"password-input\"]').type(password).type('{selectall}').type('EvenStrongerPassword').should('have.value', 'EvenStrongerPassword');",
                  "err": {},
                  "uuid": "9a0f1d7c-1d16-4e95-923f-a8420133297b",
                  "parentUUID": "8ec7c2eb-fae4-428a-bae9-c93aea29658f",
                  "isHook": false,
                  "skipped": false
                },
                {
                  "title": "should allow backspace in password field",
                  "fullTitle": "Login UI/UX Tests Copy/paste in password field should allow backspace in password field",
                  "timedOut": null,
                  "duration": 347,
                  "state": "passed",
                  "speed": "fast",
                  "pass": true,
                  "fail": false,
                  "pending": false,
                  "context": null,
                  "code": "cy.get('[data-cy=\"password-input\"]').type('NewTest123').type('{backspace}{backspace}{backspace}').should('have.value', 'NewTest');",
                  "err": {},
                  "uuid": "68fd7730-07d9-44d1-864c-4df800257427",
                  "parentUUID": "8ec7c2eb-fae4-428a-bae9-c93aea29658f",
                  "isHook": false,
                  "skipped": false
                }
              ],
              "suites": [],
              "passes": [
                "fbc3643c-83ae-49be-b4a6-c844485cbd7b",
                "3291a163-88c7-4164-add0-4224d72de797",
                "9a0f1d7c-1d16-4e95-923f-a8420133297b",
                "68fd7730-07d9-44d1-864c-4df800257427"
              ],
              "failures": [],
              "pending": [],
              "skipped": [],
              "duration": 1431,
              "root": false,
              "rootEmpty": false,
              "_timeout": 2000
            },
            {
              "uuid": "26dd4d99-d65f-4968-bef0-3399e76433fc",
              "title": "Inline validation - empty fields",
              "fullFile": "",
              "file": "",
              "beforeHooks": [],
              "afterHooks": [],
              "tests": [
                {
                  "title": "should prevent submission with empty fields",
                  "fullTitle": "Login UI/UX Tests Inline validation - empty fields should prevent submission with empty fields",
                  "timedOut": null,
                  "duration": 100,
                  "state": "passed",
                  "speed": "fast",
                  "pass": true,
                  "fail": false,
                  "pending": false,
                  "context": null,
                  "code": "cy.get('[data-cy=\"login-button\"]').click();\ncy.url().should('not.include', 'dashboard');",
                  "err": {},
                  "uuid": "3862bca7-453f-41bd-a90f-4ef93eb1eb70",
                  "parentUUID": "26dd4d99-d65f-4968-bef0-3399e76433fc",
                  "isHook": false,
                  "skipped": false
                }
              ],
              "suites": [],
              "passes": [
                "3862bca7-453f-41bd-a90f-4ef93eb1eb70"
              ],
              "failures": [],
              "pending": [],
              "skipped": [],
              "duration": 100,
              "root": false,
              "rootEmpty": false,
              "_timeout": 2000
            },
            {
              "uuid": "64c31b1d-ee99-426d-b524-88836dceab5b",
              "title": "Error message clarity",
              "fullFile": "",
              "file": "",
              "beforeHooks": [],
              "afterHooks": [],
              "tests": [
                {
                  "title": "should display error message for invalid login",
                  "fullTitle": "Login UI/UX Tests Error message clarity should display error message for invalid login",
                  "timedOut": null,
                  "duration": 649,
                  "state": "passed",
                  "speed": "fast",
                  "pass": true,
                  "fail": false,
                  "pending": false,
                  "context": null,
                  "code": "cy.get('[data-cy=\"email-input\"]').type('wrong@test.com');\ncy.get('[data-cy=\"password-input\"]').type('wrongpassword');\ncy.get('[data-cy=\"login-button\"]').click();\ncy.get('[data-cy=\"alert-error\"]').should('be.visible').and('contain', 'Invalid email or password');",
                  "err": {},
                  "uuid": "bb0219b4-7928-4b2e-9d80-116550371102",
                  "parentUUID": "64c31b1d-ee99-426d-b524-88836dceab5b",
                  "isHook": false,
                  "skipped": false
                },
                {
                  "title": "should use red styling for error messages",
                  "fullTitle": "Login UI/UX Tests Error message clarity should use red styling for error messages",
                  "timedOut": null,
                  "duration": 649,
                  "state": "passed",
                  "speed": "fast",
                  "pass": true,
                  "fail": false,
                  "pending": false,
                  "context": null,
                  "code": "cy.get('[data-cy=\"email-input\"]').type('wrong@test.com');\ncy.get('[data-cy=\"password-input\"]').type('wrongpassword');\ncy.get('[data-cy=\"login-button\"]').click();\ncy.get('[data-cy=\"alert-error\"]').should('have.css', 'color', 'rgb(204, 51, 51)');",
                  "err": {},
                  "uuid": "67c67996-8bf8-4a93-b34d-fc87685c4228",
                  "parentUUID": "64c31b1d-ee99-426d-b524-88836dceab5b",
                  "isHook": false,
                  "skipped": false
                },
                {
                  "title": "should display success message after valid login",
                  "fullTitle": "Login UI/UX Tests Error message clarity should display success message after valid login",
                  "timedOut": null,
                  "duration": 624,
                  "state": "passed",
                  "speed": "fast",
                  "pass": true,
                  "fail": false,
                  "pending": false,
                  "context": null,
                  "code": "cy.get('[data-cy=\"email-input\"]').type('user@test.com');\ncy.get('[data-cy=\"password-input\"]').type('Password123!');\ncy.get('[data-cy=\"login-button\"]').click();\ncy.get('[data-cy=\"alert-success\"]').should('be.visible').and('contain', 'Login successful');",
                  "err": {},
                  "uuid": "00c4727d-24cb-44fb-a1fe-b5ed00ab6369",
                  "parentUUID": "64c31b1d-ee99-426d-b524-88836dceab5b",
                  "isHook": false,
                  "skipped": false
                }
              ],
              "suites": [],
              "passes": [
                "bb0219b4-7928-4b2e-9d80-116550371102",
                "67c67996-8bf8-4a93-b34d-fc87685c4228",
                "00c4727d-24cb-44fb-a1fe-b5ed00ab6369"
              ],
              "failures": [],
              "pending": [],
              "skipped": [],
              "duration": 1922,
              "root": false,
              "rootEmpty": false,
              "_timeout": 2000
            },
            {
              "uuid": "7d501591-50bd-452c-8a4d-fc346a854fa5",
              "title": "Generic error - invalid credentials",
              "fullFile": "",
              "file": "",
              "beforeHooks": [],
              "afterHooks": [],
              "tests": [
                {
                  "title": "should show generic error for wrong email",
                  "fullTitle": "Login UI/UX Tests Generic error - invalid credentials should show generic error for wrong email",
                  "timedOut": null,
                  "duration": 708,
                  "state": "passed",
                  "speed": "fast",
                  "pass": true,
                  "fail": false,
                  "pending": false,
                  "context": null,
                  "code": "cy.get('[data-cy=\"email-input\"]').type('nonexistent@test.com');\ncy.get('[data-cy=\"password-input\"]').type('Password123!');\ncy.get('[data-cy=\"login-button\"]').click();\ncy.get('[data-cy=\"alert-error\"]').should('be.visible').and('contain', 'Invalid email or password').and('not.contain', 'user not found');",
                  "err": {},
                  "uuid": "ee22b3a2-da81-4a18-8082-e9263891ba31",
                  "parentUUID": "7d501591-50bd-452c-8a4d-fc346a854fa5",
                  "isHook": false,
                  "skipped": false
                },
                {
                  "title": "should show generic error for wrong password",
                  "fullTitle": "Login UI/UX Tests Generic error - invalid credentials should show generic error for wrong password",
                  "timedOut": null,
                  "duration": 649,
                  "state": "passed",
                  "speed": "fast",
                  "pass": true,
                  "fail": false,
                  "pending": false,
                  "context": null,
                  "code": "cy.get('[data-cy=\"email-input\"]').type('user@test.com');\ncy.get('[data-cy=\"password-input\"]').type('WrongPassword!');\ncy.get('[data-cy=\"login-button\"]').click();\ncy.get('[data-cy=\"alert-error\"]').should('be.visible').and('contain', 'Invalid email or password');",
                  "err": {},
                  "uuid": "2faef2cb-4e08-482d-ac92-edddeb67387d",
                  "parentUUID": "7d501591-50bd-452c-8a4d-fc346a854fa5",
                  "isHook": false,
                  "skipped": false
                }
              ],
              "suites": [],
              "passes": [
                "ee22b3a2-da81-4a18-8082-e9263891ba31",
                "2faef2cb-4e08-482d-ac92-edddeb67387d"
              ],
              "failures": [],
              "pending": [],
              "skipped": [],
              "duration": 1357,
              "root": false,
              "rootEmpty": false,
              "_timeout": 2000
            },
            {
              "uuid": "78df3f4a-5679-4560-b89f-5820da0733bd",
              "title": "Lockout/CAPTCHA UI tests",
              "fullFile": "",
              "file": "",
              "beforeHooks": [],
              "afterHooks": [],
              "tests": [
                {
                  "title": "should display CAPTCHA after 3 failed attempts",
                  "fullTitle": "Login UI/UX Tests Lockout/CAPTCHA UI tests should display CAPTCHA after 3 failed attempts",
                  "timedOut": null,
                  "duration": 9574,
                  "state": "failed",
                  "speed": null,
                  "pass": false,
                  "fail": true,
                  "pending": false,
                  "context": null,
                  "code": "for (let i = 0; i < 3; i++) {\n  cy.get('[data-cy=\"email-input\"]').clear().type(email);\n  cy.get('[data-cy=\"password-input\"]').clear().type(wrongPassword);\n  cy.get('[data-cy=\"login-button\"]').click();\n  cy.wait(1000);\n}\ncy.get('[data-cy=\"captcha-display\"]').should('be.visible');\ncy.get('[data-cy=\"alert-warning\"]').should('contain', 'Too many failed attempts');",
                  "err": {
                    "message": "AssertionError: Timed out retrying after 4000ms: Expected to find element: `[data-cy=\"alert-warning\"]`, but never found it.",
                    "estack": "AssertionError: Timed out retrying after 4000ms: Expected to find element: `[data-cy=\"alert-warning\"]`, but never found it.\n    at Context.eval (webpack://cypress-login-test-app/./cypress/e2e/login-ui-ux-tests.cy.js:333:17)",
                    "diff": null
                  },
                  "uuid": "66cdeb85-f6dc-49b5-bdbe-7d2159e22e5a",
                  "parentUUID": "78df3f4a-5679-4560-b89f-5820da0733bd",
                  "isHook": false,
                  "skipped": false
                }
              ],
              "suites": [],
              "passes": [],
              "failures": [
                "66cdeb85-f6dc-49b5-bdbe-7d2159e22e5a"
              ],
              "pending": [],
              "skipped": [],
              "duration": 9574,
              "root": false,
              "rootEmpty": false,
              "_timeout": 2000
            },
            {
              "uuid": "147d03f5-b9cd-46a4-ac31-7f897354a659",
              "title": "Responsive layout",
              "fullFile": "",
              "file": "",
              "beforeHooks": [],
              "afterHooks": [],
              "tests": [
                {
                  "title": "should display correctly on tablet",
                  "fullTitle": "Login UI/UX Tests Responsive layout should display correctly on tablet",
                  "timedOut": null,
                  "duration": 24,
                  "state": "passed",
                  "speed": "fast",
                  "pass": true,
                  "fail": false,
                  "pending": false,
                  "context": null,
                  "code": "cy.viewport(1280, 720);\ncy.get('.login-box').should('be.visible');",
                  "err": {},
                  "uuid": "23c37c65-dda2-4b84-a336-c1e839676d20",
                  "parentUUID": "147d03f5-b9cd-46a4-ac31-7f897354a659",
                  "isHook": false,
                  "skipped": false
                },
                {
                  "title": "should display correctly on tablet",
                  "fullTitle": "Login UI/UX Tests Responsive layout should display correctly on tablet",
                  "timedOut": null,
                  "duration": 21,
                  "state": "passed",
                  "speed": "fast",
                  "pass": true,
                  "fail": false,
                  "pending": false,
                  "context": null,
                  "code": "cy.viewport('ipad-2');\ncy.get('.login-box').should('be.visible');",
                  "err": {},
                  "uuid": "2113acd6-be67-4377-9e33-44afd4911bb5",
                  "parentUUID": "147d03f5-b9cd-46a4-ac31-7f897354a659",
                  "isHook": false,
                  "skipped": false
                },
                {
                  "title": "should display correctly on mobile",
                  "fullTitle": "Login UI/UX Tests Responsive layout should display correctly on mobile",
                  "timedOut": null,
                  "duration": 23,
                  "state": "passed",
                  "speed": "fast",
                  "pass": true,
                  "fail": false,
                  "pending": false,
                  "context": null,
                  "code": "cy.viewport('iphone-x');\ncy.get('.login-box').should('be.visible');\ncy.get('[data-cy=\"email-input\"]').should('be.visible');\ncy.get('[data-cy=\"password-input\"]').should('be.visible');",
                  "err": {},
                  "uuid": "0f978ff6-a7ee-425d-b40c-4b3b740e27cb",
                  "parentUUID": "147d03f5-b9cd-46a4-ac31-7f897354a659",
                  "isHook": false,
                  "skipped": false
                },
                {
                  "title": "should adjust styling for mobile screens",
                  "fullTitle": "Login UI/UX Tests Responsive layout should adjust styling for mobile screens",
                  "timedOut": null,
                  "duration": 20,
                  "state": "passed",
                  "speed": "fast",
                  "pass": true,
                  "fail": false,
                  "pending": false,
                  "context": null,
                  "code": "cy.viewport(375, 667);\ncy.get('.login-box').should('have.css', 'padding', '25px');\ncy.get('h1').should('have.css', 'font-size', '24px');",
                  "err": {},
                  "uuid": "bb321923-71cc-4424-a2e2-b2f6aac3502e",
                  "parentUUID": "147d03f5-b9cd-46a4-ac31-7f897354a659",
                  "isHook": false,
                  "skipped": false
                }
              ],
              "suites": [],
              "passes": [
                "23c37c65-dda2-4b84-a336-c1e839676d20",
                "2113acd6-be67-4377-9e33-44afd4911bb5",
                "0f978ff6-a7ee-425d-b40c-4b3b740e27cb",
                "bb321923-71cc-4424-a2e2-b2f6aac3502e"
              ],
              "failures": [],
              "pending": [],
              "skipped": [],
              "duration": 88,
              "root": false,
              "rootEmpty": false,
              "_timeout": 2000
            },
            {
              "uuid": "8be67739-49a8-4eb5-8360-54a953eba1f8",
              "title": "Mobile touch targets",
              "fullFile": "",
              "file": "",
              "beforeHooks": [],
              "afterHooks": [],
              "tests": [
                {
                  "title": "should have tappable buttons on mobile",
                  "fullTitle": "Login UI/UX Tests Mobile touch targets should have tappable buttons on mobile",
                  "timedOut": null,
                  "duration": 24,
                  "state": "passed",
                  "speed": "fast",
                  "pass": true,
                  "fail": false,
                  "pending": false,
                  "context": null,
                  "code": "cy.viewport('iphone-x');\ncy.get('[data-cy=\"login-button\"]').should('be.visible').invoke('outerHeight').should('be.gte', 44);",
                  "err": {},
                  "uuid": "ae64ee45-7a79-497b-bf49-d81060b25189",
                  "parentUUID": "8be67739-49a8-4eb5-8360-54a953eba1f8",
                  "isHook": false,
                  "skipped": false
                },
                {
                  "title": "should have adequate spacing between clickable elements",
                  "fullTitle": "Login UI/UX Tests Mobile touch targets should have adequate spacing between clickable elements",
                  "timedOut": null,
                  "duration": 93,
                  "state": "passed",
                  "speed": "fast",
                  "pass": true,
                  "fail": false,
                  "pending": false,
                  "context": null,
                  "code": "cy.viewport('iphone-x');\ncy.get('[data-cy=\"remember-me\"]').should('be.visible');\ncy.get('[data-cy=\"forgot-password\"]').should('be.visible');\ncy.get('[data-cy=\"remember-me\"]').click();\ncy.get('[data-cy=\"remember-me\"]').should('be.checked');",
                  "err": {},
                  "uuid": "f2bb4cdd-aaaa-4cf7-912e-7aad90894f01",
                  "parentUUID": "8be67739-49a8-4eb5-8360-54a953eba1f8",
                  "isHook": false,
                  "skipped": false
                }
              ],
              "suites": [],
              "passes": [
                "ae64ee45-7a79-497b-bf49-d81060b25189",
                "f2bb4cdd-aaaa-4cf7-912e-7aad90894f01"
              ],
              "failures": [],
              "pending": [],
              "skipped": [],
              "duration": 117,
              "root": false,
              "rootEmpty": false,
              "_timeout": 2000
            },
            {
              "uuid": "84b040dc-b14f-4c01-982b-e77976368edc",
              "title": "Loading indicator",
              "fullFile": "",
              "file": "",
              "beforeHooks": [],
              "afterHooks": [],
              "tests": [
                {
                  "title": "should display loading spinner during login",
                  "fullTitle": "Login UI/UX Tests Loading indicator should display loading spinner during login",
                  "timedOut": null,
                  "duration": 633,
                  "state": "passed",
                  "speed": "fast",
                  "pass": true,
                  "fail": false,
                  "pending": false,
                  "context": null,
                  "code": "cy.get('[data-cy=\"email-input\"]').type('user@test.com');\ncy.get('[data-cy=\"password-input\"]').type('Password123!');\ncy.get('[data-cy=\"login-button\"]').click();\ncy.get('#btn-spinner').should('be.visible');",
                  "err": {},
                  "uuid": "ac1355c5-e659-4ee4-8fa9-ef49aa343e00",
                  "parentUUID": "84b040dc-b14f-4c01-982b-e77976368edc",
                  "isHook": false,
                  "skipped": false
                },
                {
                  "title": "should hide button text while loading",
                  "fullTitle": "Login UI/UX Tests Loading indicator should hide button text while loading",
                  "timedOut": null,
                  "duration": 619,
                  "state": "passed",
                  "speed": "fast",
                  "pass": true,
                  "fail": false,
                  "pending": false,
                  "context": null,
                  "code": "cy.get('[data-cy=\"email-input\"]').type('user@test.com');\ncy.get('[data-cy=\"password-input\"]').type('Password123!');\ncy.get('[data-cy=\"login-button\"]').click();\ncy.get('#btn-text').should('not.be.visible');",
                  "err": {},
                  "uuid": "6f769b1c-30ef-409f-a8b7-b82fc3b549b7",
                  "parentUUID": "84b040dc-b14f-4c01-982b-e77976368edc",
                  "isHook": false,
                  "skipped": false
                },
                {
                  "title": "should disable login button during loading",
                  "fullTitle": "Login UI/UX Tests Loading indicator should disable login button during loading",
                  "timedOut": null,
                  "duration": 644,
                  "state": "passed",
                  "speed": "fast",
                  "pass": true,
                  "fail": false,
                  "pending": false,
                  "context": null,
                  "code": "cy.get('[data-cy=\"email-input\"]').type('user@test.com');\ncy.get('[data-cy=\"password-input\"]').type('Password123!');\ncy.get('[data-cy=\"login-button\"]').click();\ncy.get('[data-cy=\"login-button\"]').should('be.disabled');",
                  "err": {},
                  "uuid": "b4488669-d41c-4555-b823-ee1593a77f4f",
                  "parentUUID": "84b040dc-b14f-4c01-982b-e77976368edc",
                  "isHook": false,
                  "skipped": false
                }
              ],
              "suites": [],
              "passes": [
                "ac1355c5-e659-4ee4-8fa9-ef49aa343e00",
                "6f769b1c-30ef-409f-a8b7-b82fc3b549b7",
                "b4488669-d41c-4555-b823-ee1593a77f4f"
              ],
              "failures": [],
              "pending": [],
              "skipped": [],
              "duration": 1896,
              "root": false,
              "rootEmpty": false,
              "_timeout": 2000
            }
          ],
          "passes": [],
          "failures": [],
          "pending": [],
          "skipped": [],
          "duration": 0,
          "root": false,
          "rootEmpty": false,
          "_timeout": 2000
        }
      ],
      "passes": [],
      "failures": [],
      "pending": [],
      "skipped": [],
      "duration": 0,
      "root": true,
      "rootEmpty": true,
      "_timeout": 2000
    }
  ],
  "meta": {
    "mocha": {
      "version": "7.2.0"
    },
    "mochawesome": {
      "options": {
        "quiet": false,
        "reportFilename": "mochawesome",
        "saveHtml": true,
        "saveJson": true,
        "consoleReporter": "spec",
        "useInlineDiffs": false,
        "code": true
      },
      "version": "7.1.4"
    },
    "marge": {
      "options": {
        "reportDir": "cypress/reports",
        "overwrite": false,
        "html": true,
        "json": true,
        "charts": true,
        "reportPageTitle": "Cypress Login Test Report",
        "embeddedScreenshots": true,
        "inlineAssets": true
      },
      "version": "6.3.0"
    }
  }
}