{
  "stats": {
    "suites": 10,
    "tests": 22,
    "passes": 19,
    "pending": 0,
    "failures": 3,
    "start": "2025-10-29T17:16:09.264Z",
    "end": "2025-10-29T17:17:08.998Z",
    "duration": 59734,
    "testsRegistered": 22,
    "passPercent": 86.36363636363636,
    "pendingPercent": 0,
    "other": 0,
    "hasOther": false,
    "skipped": 0,
    "hasSkipped": false
  },
  "results": [
    {
      "uuid": "c854a5d4-ee9f-4e87-9e7e-f55aa03b74c2",
      "title": "",
      "fullFile": "cypress/e2e/login.cy.js",
      "file": "cypress/e2e/login.cy.js",
      "beforeHooks": [],
      "afterHooks": [],
      "tests": [],
      "suites": [
        {
          "uuid": "4a006a74-fe4d-47d1-9df7-67456b0a88ed",
          "title": "Login Form - All Test Scenarios",
          "fullFile": "",
          "file": "",
          "beforeHooks": [],
          "afterHooks": [],
          "tests": [],
          "suites": [
            {
              "uuid": "b49c9224-a51d-4571-93d9-a569872351e4",
              "title": "UC-01: Happy Path - Valid Login",
              "fullFile": "",
              "file": "",
              "beforeHooks": [],
              "afterHooks": [],
              "tests": [
                {
                  "title": "should login successfully with valid credentials",
                  "fullTitle": "Login Form - All Test Scenarios UC-01: Happy Path - Valid Login should login successfully with valid credentials",
                  "timedOut": null,
                  "duration": 3238,
                  "state": "passed",
                  "speed": "fast",
                  "pass": true,
                  "fail": false,
                  "pending": false,
                  "context": null,
                  "code": "cy.login(users.validUser.email, users.validUser.password);\n// Verify redirect to dashboard\ncy.url().should('include', '/dashboard.html');\ncy.get('[data-cy=\"welcome-message\"]').should('contain', users.validUser.email);",
                  "err": {},
                  "uuid": "c97e2148-e20b-4e93-b1d5-37d2f8547468",
                  "parentUUID": "b49c9224-a51d-4571-93d9-a569872351e4",
                  "isHook": false,
                  "skipped": false
                },
                {
                  "title": "should login successfully with \"Remember Me\" checked",
                  "fullTitle": "Login Form - All Test Scenarios UC-01: Happy Path - Valid Login should login successfully with \"Remember Me\" checked",
                  "timedOut": null,
                  "duration": 3205,
                  "state": "passed",
                  "speed": "fast",
                  "pass": true,
                  "fail": false,
                  "pending": false,
                  "context": null,
                  "code": "cy.login(users.validUser.email, users.validUser.password, null, true);\ncy.url().should('include', '/dashboard.html');\ncy.get('[data-cy=\"session-type\"]').should('contain', 'Persistent');\n// Verify localStorage is set\ncy.window().then(win => {\n  expect(win.localStorage.getItem('isLoggedIn')).to.equal('true');\n});",
                  "err": {},
                  "uuid": "6a54a876-0fa9-434f-bdb6-f48fb601c032",
                  "parentUUID": "b49c9224-a51d-4571-93d9-a569872351e4",
                  "isHook": false,
                  "skipped": false
                },
                {
                  "title": "should login successfully with MFA",
                  "fullTitle": "Login Form - All Test Scenarios UC-01: Happy Path - Valid Login should login successfully with MFA",
                  "timedOut": null,
                  "duration": 4371,
                  "state": "passed",
                  "speed": "fast",
                  "pass": true,
                  "fail": false,
                  "pending": false,
                  "context": null,
                  "code": "cy.login(users.mfaUser.email, users.mfaUser.password, users.mfaUser.mfaCode);\ncy.url().should('include', '/dashboard.html');\ncy.get('[data-cy=\"welcome-message\"]').should('contain', users.mfaUser.email);",
                  "err": {},
                  "uuid": "d0957a42-4371-4cea-b63e-f8e2eeaf6c8c",
                  "parentUUID": "b49c9224-a51d-4571-93d9-a569872351e4",
                  "isHook": false,
                  "skipped": false
                }
              ],
              "suites": [],
              "passes": [
                "c97e2148-e20b-4e93-b1d5-37d2f8547468",
                "6a54a876-0fa9-434f-bdb6-f48fb601c032",
                "d0957a42-4371-4cea-b63e-f8e2eeaf6c8c"
              ],
              "failures": [],
              "pending": [],
              "skipped": [],
              "duration": 10814,
              "root": false,
              "rootEmpty": false,
              "_timeout": 2000
            },
            {
              "uuid": "4e749875-7fe0-4d9d-baa6-f09eff9eb5df",
              "title": "UC-02: Wrong Password",
              "fullFile": "",
              "file": "",
              "beforeHooks": [],
              "afterHooks": [],
              "tests": [
                {
                  "title": "should show error message for incorrect password",
                  "fullTitle": "Login Form - All Test Scenarios UC-02: Wrong Password should show error message for incorrect password",
                  "timedOut": null,
                  "duration": 1624,
                  "state": "passed",
                  "speed": "fast",
                  "pass": true,
                  "fail": false,
                  "pending": false,
                  "context": null,
                  "code": "cy.get('[data-cy=\"email-input\"]').type(users.validUser.email);\ncy.get('[data-cy=\"password-input\"]').type('wrongpassword');\ncy.get('[data-cy=\"login-button\"]').click();\ncy.checkAlert('Invalid email or password');\ncy.get('[data-cy=\"login-attempts\"]').should('be.visible');",
                  "err": {},
                  "uuid": "c2f0c729-2891-4f31-acb4-d8f41bfdb625",
                  "parentUUID": "4e749875-7fe0-4d9d-baa6-f09eff9eb5df",
                  "isHook": false,
                  "skipped": false
                },
                {
                  "title": "should show CAPTCHA after 3 failed attempts",
                  "fullTitle": "Login Form - All Test Scenarios UC-02: Wrong Password should show CAPTCHA after 3 failed attempts",
                  "timedOut": null,
                  "duration": 5392,
                  "state": "passed",
                  "speed": "medium",
                  "pass": true,
                  "fail": false,
                  "pending": false,
                  "context": null,
                  "code": "// Attempt 1-3\nfor (let i = 0; i < 3; i++) {\n  cy.get('[data-cy=\"email-input\"]').clear().type(users.validUser.email);\n  cy.get('[data-cy=\"password-input\"]').clear().type('wrongpassword');\n  cy.get('[data-cy=\"login-button\"]').click();\n  cy.wait(1000);\n}\n// CAPTCHA should be visible\ncy.get('[data-cy=\"captcha-display\"]').should('be.visible');\ncy.checkAlert('Too many failed attempts', 'warning');",
                  "err": {},
                  "uuid": "94962a78-0b80-4fd4-9c94-58af27a3e26c",
                  "parentUUID": "4e749875-7fe0-4d9d-baa6-f09eff9eb5df",
                  "isHook": false,
                  "skipped": false
                },
                {
                  "title": "should lock account after 5 failed attempts",
                  "fullTitle": "Login Form - All Test Scenarios UC-02: Wrong Password should lock account after 5 failed attempts",
                  "timedOut": null,
                  "duration": 5791,
                  "state": "failed",
                  "speed": null,
                  "pass": false,
                  "fail": true,
                  "pending": false,
                  "context": null,
                  "code": "// Attempt 1-5\nfor (let i = 0; i < 5; i++) {\n  cy.get('[data-cy=\"email-input\"]').clear().type(users.validUser.email);\n  cy.get('[data-cy=\"password-input\"]').clear().type('wrongpassword');\n  cy.get('[data-cy=\"login-button\"]').click();\n  if (i >= 2) {\n    // Handle CAPTCHA\n    cy.get('[data-cy=\"captcha-display\"]').invoke('attr', 'data-captcha').then(captcha => {\n      cy.get('[data-cy=\"captcha-input\"]').clear().type(captcha);\n    });\n    cy.get('[data-cy=\"login-button\"]').click();\n  }\n  cy.wait(1000);\n}\n// Account should be locked\ncy.checkAlert('Account temporarily locked');\ncy.get('[data-cy=\"login-button\"]').should('be.disabled');",
                  "err": {
                    "message": "CypressError: `cy.type()` can only accept a string or number. You passed in: `undefined`\n\nhttps://on.cypress.io/type",
                    "estack": "CypressError: `cy.type()` can only accept a string or number. You passed in: `undefined`\n\nhttps://on.cypress.io/type\n    at Context.type (http://localhost:8080/__cypress/runner/cypress_runner.js:116877:68)\n    at wrapped (http://localhost:8080/__cypress/runner/cypress_runner.js:141671:19)\nFrom Your Spec Code:\n    at Context.eval (webpack://cypress-login-test-app/./cypress/e2e/login.cy.js:78:56)\n    at getRet (http://localhost:8080/__cypress/runner/cypress_runner.js:121066:20)\n    at tryCatcher (http://localhost:8080/__cypress/runner/cypress_runner.js:1777:23)\n    at Promise.attempt.Promise.try (http://localhost:8080/__cypress/runner/cypress_runner.js:4285:29)\n    at Context.thenFn (http://localhost:8080/__cypress/runner/cypress_runner.js:121077:66)\n    at Context.then (http://localhost:8080/__cypress/runner/cypress_runner.js:121328:21)\n    at wrapped (http://localhost:8080/__cypress/runner/cypress_runner.js:141671:19)",
                    "diff": null
                  },
                  "uuid": "01edece7-5f8f-4f4c-a280-776774c8e0ec",
                  "parentUUID": "4e749875-7fe0-4d9d-baa6-f09eff9eb5df",
                  "isHook": false,
                  "skipped": false
                }
              ],
              "suites": [],
              "passes": [
                "c2f0c729-2891-4f31-acb4-d8f41bfdb625",
                "94962a78-0b80-4fd4-9c94-58af27a3e26c"
              ],
              "failures": [
                "01edece7-5f8f-4f4c-a280-776774c8e0ec"
              ],
              "pending": [],
              "skipped": [],
              "duration": 12807,
              "root": false,
              "rootEmpty": false,
              "_timeout": 2000
            },
            {
              "uuid": "4595da31-9f0b-4b24-aee4-d05afaeefea7",
              "title": "UC-03: Locked Account",
              "fullFile": "",
              "file": "",
              "beforeHooks": [],
              "afterHooks": [],
              "tests": [
                {
                  "title": "should show locked account message",
                  "fullTitle": "Login Form - All Test Scenarios UC-03: Locked Account should show locked account message",
                  "timedOut": null,
                  "duration": 1637,
                  "state": "passed",
                  "speed": "fast",
                  "pass": true,
                  "fail": false,
                  "pending": false,
                  "context": null,
                  "code": "cy.login(users.lockedUser.email, users.lockedUser.password);\ncy.checkAlert('Your account is locked');\ncy.url().should('not.include', '/dashboard.html');",
                  "err": {},
                  "uuid": "5c7070d2-55af-41d4-97cd-24169e5159e1",
                  "parentUUID": "4595da31-9f0b-4b24-aee4-d05afaeefea7",
                  "isHook": false,
                  "skipped": false
                }
              ],
              "suites": [],
              "passes": [
                "5c7070d2-55af-41d4-97cd-24169e5159e1"
              ],
              "failures": [],
              "pending": [],
              "skipped": [],
              "duration": 1637,
              "root": false,
              "rootEmpty": false,
              "_timeout": 2000
            },
            {
              "uuid": "4fe480fc-b626-4a51-84c3-d0d13eae2872",
              "title": "UC-04: Unverified Account",
              "fullFile": "",
              "file": "",
              "beforeHooks": [],
              "afterHooks": [],
              "tests": [
                {
                  "title": "should show email verification message",
                  "fullTitle": "Login Form - All Test Scenarios UC-04: Unverified Account should show email verification message",
                  "timedOut": null,
                  "duration": 1697,
                  "state": "passed",
                  "speed": "fast",
                  "pass": true,
                  "fail": false,
                  "pending": false,
                  "context": null,
                  "code": "cy.login(users.unverifiedUser.email, users.unverifiedUser.password);\ncy.checkAlert('Please verify your email', 'warning');\ncy.url().should('not.include', '/dashboard.html');",
                  "err": {},
                  "uuid": "c5030112-35f8-40d4-95c6-52c4bc29b565",
                  "parentUUID": "4fe480fc-b626-4a51-84c3-d0d13eae2872",
                  "isHook": false,
                  "skipped": false
                }
              ],
              "suites": [],
              "passes": [
                "c5030112-35f8-40d4-95c6-52c4bc29b565"
              ],
              "failures": [],
              "pending": [],
              "skipped": [],
              "duration": 1697,
              "root": false,
              "rootEmpty": false,
              "_timeout": 2000
            },
            {
              "uuid": "317fb279-4502-40fc-b749-9d4eb8beb8ad",
              "title": "UC-05: Password Expired",
              "fullFile": "",
              "file": "",
              "beforeHooks": [],
              "afterHooks": [],
              "tests": [
                {
                  "title": "should redirect to password reset for expired password",
                  "fullTitle": "Login Form - All Test Scenarios UC-05: Password Expired should redirect to password reset for expired password",
                  "timedOut": null,
                  "duration": 3685,
                  "state": "passed",
                  "speed": "fast",
                  "pass": true,
                  "fail": false,
                  "pending": false,
                  "context": null,
                  "code": "cy.login(users.expiredPasswordUser.email, users.expiredPasswordUser.password);\ncy.checkAlert('Your password has expired', 'warning');\ncy.get('[data-cy=\"close-modal\"]', {\n  timeout: 3000\n}).should('be.visible');\ncy.get('[data-cy=\"reset-email-input\"]').should('have.value', users.expiredPasswordUser.email);",
                  "err": {},
                  "uuid": "0725d773-ad5f-468d-a9d2-49bd66d9bbee",
                  "parentUUID": "317fb279-4502-40fc-b749-9d4eb8beb8ad",
                  "isHook": false,
                  "skipped": false
                }
              ],
              "suites": [],
              "passes": [
                "0725d773-ad5f-468d-a9d2-49bd66d9bbee"
              ],
              "failures": [],
              "pending": [],
              "skipped": [],
              "duration": 3685,
              "root": false,
              "rootEmpty": false,
              "_timeout": 2000
            },
            {
              "uuid": "91dd65fa-9929-4ce3-8edf-117ec3ea3563",
              "title": "UC-06: Forgot Password",
              "fullFile": "",
              "file": "",
              "beforeHooks": [],
              "afterHooks": [],
              "tests": [
                {
                  "title": "should open forgot password modal",
                  "fullTitle": "Login Form - All Test Scenarios UC-06: Forgot Password should open forgot password modal",
                  "timedOut": null,
                  "duration": 96,
                  "state": "passed",
                  "speed": "fast",
                  "pass": true,
                  "fail": false,
                  "pending": false,
                  "context": null,
                  "code": "cy.get('[data-cy=\"forgot-password\"]').click();\ncy.get('[data-cy=\"close-modal\"]').should('be.visible');",
                  "err": {},
                  "uuid": "f80a2b8c-f0d6-4d75-a435-8baf2c762527",
                  "parentUUID": "91dd65fa-9929-4ce3-8edf-117ec3ea3563",
                  "isHook": false,
                  "skipped": false
                },
                {
                  "title": "should send password reset email",
                  "fullTitle": "Login Form - All Test Scenarios UC-06: Forgot Password should send password reset email",
                  "timedOut": null,
                  "duration": 1409,
                  "state": "passed",
                  "speed": "fast",
                  "pass": true,
                  "fail": false,
                  "pending": false,
                  "context": null,
                  "code": "cy.get('[data-cy=\"forgot-password\"]').click();\ncy.get('[data-cy=\"reset-email-input\"]').type(users.validUser.email);\ncy.get('[data-cy=\"send-reset-button\"]').click();\ncy.get('[data-cy=\"reset-success-message\"]').should('be.visible').and('contain', 'Password reset link sent');",
                  "err": {},
                  "uuid": "2b591bbd-bccb-457d-9d71-16e3982a1abd",
                  "parentUUID": "91dd65fa-9929-4ce3-8edf-117ec3ea3563",
                  "isHook": false,
                  "skipped": false
                },
                {
                  "title": "should close modal after sending reset link",
                  "fullTitle": "Login Form - All Test Scenarios UC-06: Forgot Password should close modal after sending reset link",
                  "timedOut": null,
                  "duration": 4408,
                  "state": "passed",
                  "speed": "fast",
                  "pass": true,
                  "fail": false,
                  "pending": false,
                  "context": null,
                  "code": "cy.get('[data-cy=\"forgot-password\"]').click();\ncy.get('[data-cy=\"reset-email-input\"]').type(users.validUser.email);\ncy.get('[data-cy=\"send-reset-button\"]').click();\ncy.get('[data-cy=\"close-modal\"]', {\n  timeout: 4000\n}).should('not.be.visible');",
                  "err": {},
                  "uuid": "7d27dcc9-63c8-4084-be05-c9ec929c0ee1",
                  "parentUUID": "91dd65fa-9929-4ce3-8edf-117ec3ea3563",
                  "isHook": false,
                  "skipped": false
                }
              ],
              "suites": [],
              "passes": [
                "f80a2b8c-f0d6-4d75-a435-8baf2c762527",
                "2b591bbd-bccb-457d-9d71-16e3982a1abd",
                "7d27dcc9-63c8-4084-be05-c9ec929c0ee1"
              ],
              "failures": [],
              "pending": [],
              "skipped": [],
              "duration": 5913,
              "root": false,
              "rootEmpty": false,
              "_timeout": 2000
            },
            {
              "uuid": "00212b79-f180-4780-a60a-ed919a5a15c9",
              "title": "UC-07: SSO Login",
              "fullFile": "",
              "file": "",
              "beforeHooks": [],
              "afterHooks": [],
              "tests": [
                {
                  "title": "should redirect to Google SSO",
                  "fullTitle": "Login Form - All Test Scenarios UC-07: SSO Login should redirect to Google SSO",
                  "timedOut": null,
                  "duration": 1596,
                  "state": "passed",
                  "speed": "fast",
                  "pass": true,
                  "fail": false,
                  "pending": false,
                  "context": null,
                  "code": "cy.get('[data-cy=\"google-login\"]').click();\ncy.checkAlert('Redirecting to Google login', 'info');\ncy.url({\n  timeout: 3000\n}).should('include', '/dashboard.html');\ncy.get('[data-cy=\"session-type\"]').should('contain', 'SSO-GOOGLE');",
                  "err": {},
                  "uuid": "f16f3f01-47ae-4be3-8866-b24bed955edb",
                  "parentUUID": "00212b79-f180-4780-a60a-ed919a5a15c9",
                  "isHook": false,
                  "skipped": false
                },
                {
                  "title": "should redirect to GitHub SSO",
                  "fullTitle": "Login Form - All Test Scenarios UC-07: SSO Login should redirect to GitHub SSO",
                  "timedOut": null,
                  "duration": 1574,
                  "state": "passed",
                  "speed": "fast",
                  "pass": true,
                  "fail": false,
                  "pending": false,
                  "context": null,
                  "code": "cy.get('[data-cy=\"github-login\"]').click();\ncy.checkAlert('Redirecting to GitHub login', 'info');\ncy.url({\n  timeout: 3000\n}).should('include', '/dashboard.html');\ncy.get('[data-cy=\"session-type\"]').should('contain', 'SSO-GITHUB');",
                  "err": {},
                  "uuid": "18ca3d47-e3c6-4826-8158-d256cb67af34",
                  "parentUUID": "00212b79-f180-4780-a60a-ed919a5a15c9",
                  "isHook": false,
                  "skipped": false
                }
              ],
              "suites": [],
              "passes": [
                "f16f3f01-47ae-4be3-8866-b24bed955edb",
                "18ca3d47-e3c6-4826-8158-d256cb67af34"
              ],
              "failures": [],
              "pending": [],
              "skipped": [],
              "duration": 3170,
              "root": false,
              "rootEmpty": false,
              "_timeout": 2000
            },
            {
              "uuid": "d3e07a29-613c-4bba-8bcd-fc40d231ddef",
              "title": "Additional UI Tests",
              "fullFile": "",
              "file": "",
              "beforeHooks": [],
              "afterHooks": [],
              "tests": [
                {
                  "title": "should toggle password visibility",
                  "fullTitle": "Login Form - All Test Scenarios Additional UI Tests should toggle password visibility",
                  "timedOut": null,
                  "duration": 98,
                  "state": "passed",
                  "speed": "fast",
                  "pass": true,
                  "fail": false,
                  "pending": false,
                  "context": null,
                  "code": "cy.get('[data-cy=\"password-input\"]').should('have.attr', 'type', 'password');\ncy.get('[data-cy=\"toggle-password\"]').click();\ncy.get('[data-cy=\"password-input\"]').should('have.attr', 'type', 'text');",
                  "err": {},
                  "uuid": "e254e31d-a669-47fe-9e4c-f88ce8002ef7",
                  "parentUUID": "d3e07a29-613c-4bba-8bcd-fc40d231ddef",
                  "isHook": false,
                  "skipped": false
                },
                {
                  "title": "should show MFA input for MFA-enabled user",
                  "fullTitle": "Login Form - All Test Scenarios Additional UI Tests should show MFA input for MFA-enabled user",
                  "timedOut": null,
                  "duration": 1593,
                  "state": "passed",
                  "speed": "fast",
                  "pass": true,
                  "fail": false,
                  "pending": false,
                  "context": null,
                  "code": "cy.get('[data-cy=\"email-input\"]').type(users.mfaUser.email);\ncy.get('[data-cy=\"password-input\"]').type(users.mfaUser.password);\ncy.get('[data-cy=\"login-button\"]').click();\ncy.get('[data-cy=\"mfa-input\"]').should('be.visible');\ncy.checkAlert('Please enter your MFA code', 'info');",
                  "err": {},
                  "uuid": "a96b0373-3dc7-47fb-ae21-62aa8922dd9e",
                  "parentUUID": "d3e07a29-613c-4bba-8bcd-fc40d231ddef",
                  "isHook": false,
                  "skipped": false
                },
                {
                  "title": "should refresh CAPTCHA code",
                  "fullTitle": "Login Form - All Test Scenarios Additional UI Tests should refresh CAPTCHA code",
                  "timedOut": null,
                  "duration": 5446,
                  "state": "passed",
                  "speed": "medium",
                  "pass": true,
                  "fail": false,
                  "pending": false,
                  "context": null,
                  "code": "// Trigger CAPTCHA\nfor (let i = 0; i < 3; i++) {\n  cy.get('[data-cy=\"email-input\"]').clear().type(users.validUser.email);\n  cy.get('[data-cy=\"password-input\"]').clear().type('wrongpassword');\n  cy.get('[data-cy=\"login-button\"]').click();\n  cy.wait(1000);\n}\ncy.get('[data-cy=\"captcha-display\"]').invoke('text').then(firstCaptcha => {\n  cy.get('[data-cy=\"refresh-captcha\"]').click();\n  cy.get('[data-cy=\"captcha-display\"]').invoke('text').should('not.equal', firstCaptcha);\n});",
                  "err": {},
                  "uuid": "57623538-910f-4c54-ba38-e0a89b1fb0b1",
                  "parentUUID": "d3e07a29-613c-4bba-8bcd-fc40d231ddef",
                  "isHook": false,
                  "skipped": false
                },
                {
                  "title": "should validate required fields",
                  "fullTitle": "Login Form - All Test Scenarios Additional UI Tests should validate required fields",
                  "timedOut": null,
                  "duration": 97,
                  "state": "passed",
                  "speed": "fast",
                  "pass": true,
                  "fail": false,
                  "pending": false,
                  "context": null,
                  "code": "cy.get('[data-cy=\"login-button\"]').click();\n// HTML5 validation should prevent submission\ncy.get('[data-cy=\"email-input\"]').then($input => {\n  expect($input[0].validationMessage).to.exist;\n});",
                  "err": {},
                  "uuid": "4112b166-c6d9-4e57-93af-971c009932dc",
                  "parentUUID": "d3e07a29-613c-4bba-8bcd-fc40d231ddef",
                  "isHook": false,
                  "skipped": false
                }
              ],
              "suites": [],
              "passes": [
                "e254e31d-a669-47fe-9e4c-f88ce8002ef7",
                "a96b0373-3dc7-47fb-ae21-62aa8922dd9e",
                "57623538-910f-4c54-ba38-e0a89b1fb0b1",
                "4112b166-c6d9-4e57-93af-971c009932dc"
              ],
              "failures": [],
              "pending": [],
              "skipped": [],
              "duration": 7234,
              "root": false,
              "rootEmpty": false,
              "_timeout": 2000
            },
            {
              "uuid": "64fcdbac-5812-4ac2-a808-b71f8cfb6465",
              "title": "Session Management",
              "fullFile": "",
              "file": "",
              "beforeHooks": [],
              "afterHooks": [],
              "tests": [
                {
                  "title": "should logout successfully",
                  "fullTitle": "Login Form - All Test Scenarios Session Management should logout successfully",
                  "timedOut": null,
                  "duration": 3221,
                  "state": "passed",
                  "speed": "fast",
                  "pass": true,
                  "fail": false,
                  "pending": false,
                  "context": null,
                  "code": "cy.login(users.validUser.email, users.validUser.password);\ncy.url().should('include', '/dashboard.html');\ncy.get('[data-cy=\"logout-button\"]').click();\ncy.url().should('not.include', '/dashboard.html');\ncy.url().should('include', 'index.html');",
                  "err": {},
                  "uuid": "4ff9808c-c1b5-4f56-ad17-7b8b6b529885",
                  "parentUUID": "64fcdbac-5812-4ac2-a808-b71f8cfb6465",
                  "isHook": false,
                  "skipped": false
                },
                {
                  "title": "should redirect to dashboard if already logged in",
                  "fullTitle": "Login Form - All Test Scenarios Session Management should redirect to dashboard if already logged in",
                  "timedOut": null,
                  "duration": 3162,
                  "state": "passed",
                  "speed": "fast",
                  "pass": true,
                  "fail": false,
                  "pending": false,
                  "context": null,
                  "code": "cy.login(users.validUser.email, users.validUser.password);\ncy.url().should('include', '/dashboard.html');\n// Try to visit login page\ncy.visit('/');\ncy.url().should('include', '/dashboard.html');",
                  "err": {},
                  "uuid": "88ed7c47-7045-4000-8240-77a1bc9055aa",
                  "parentUUID": "64fcdbac-5812-4ac2-a808-b71f8cfb6465",
                  "isHook": false,
                  "skipped": false
                },
                {
                  "title": "should persist session with Remember Me",
                  "fullTitle": "Login Form - All Test Scenarios Session Management should persist session with Remember Me",
                  "timedOut": null,
                  "duration": 4993,
                  "state": "failed",
                  "speed": null,
                  "pass": false,
                  "fail": true,
                  "pending": false,
                  "context": null,
                  "code": "cy.login(users.validUser.email, users.validUser.password, null, true);\ncy.reload();\ncy.url().should('include', '/dashboard.html');\ncy.window().then(win => {\n  expect(win.localStorage.getItem('isLoggedIn')).to.equal('true');\n});",
                  "err": {
                    "message": "AssertionError: Timed out retrying after 4000ms: expected 'http://localhost:8080/' to include '/dashboard.html'",
                    "estack": "AssertionError: Timed out retrying after 4000ms: expected 'http://localhost:8080/' to include '/dashboard.html'\n    at Context.eval (webpack://cypress-login-test-app/./cypress/e2e/login.cy.js:225:15)",
                    "diff": null
                  },
                  "uuid": "57a9d169-f995-4217-a901-b0a1fe0363e9",
                  "parentUUID": "64fcdbac-5812-4ac2-a808-b71f8cfb6465",
                  "isHook": false,
                  "skipped": false
                },
                {
                  "title": "should not persist session without Remember Me",
                  "fullTitle": "Login Form - All Test Scenarios Session Management should not persist session without Remember Me",
                  "timedOut": null,
                  "duration": 939,
                  "state": "failed",
                  "speed": null,
                  "pass": false,
                  "fail": true,
                  "pending": false,
                  "context": null,
                  "code": "cy.login(users.validUser.email, users.validUser.password);\ncy.window().then(win => {\n  expect(win.sessionStorage.getItem('isLoggedIn')).to.equal('true');\n  expect(win.localStorage.getItem('isLoggedIn')).to.be.null;\n});",
                  "err": {
                    "message": "AssertionError: expected null to equal 'true'",
                    "estack": "AssertionError: expected null to equal 'true'\n    at Context.eval (webpack://cypress-login-test-app/./cypress/e2e/login.cy.js:236:60)\n    at getRet (http://localhost:8080/__cypress/runner/cypress_runner.js:121066:20)\n    at tryCatcher (http://localhost:8080/__cypress/runner/cypress_runner.js:1777:23)\n    at Promise.attempt.Promise.try (http://localhost:8080/__cypress/runner/cypress_runner.js:4285:29)\n    at Context.thenFn (http://localhost:8080/__cypress/runner/cypress_runner.js:121077:66)\n    at Context.then (http://localhost:8080/__cypress/runner/cypress_runner.js:121328:21)",
                    "diff": null
                  },
                  "uuid": "ee293ad5-616c-4e70-9c1b-8b79ba535a1d",
                  "parentUUID": "64fcdbac-5812-4ac2-a808-b71f8cfb6465",
                  "isHook": false,
                  "skipped": false
                }
              ],
              "suites": [],
              "passes": [
                "4ff9808c-c1b5-4f56-ad17-7b8b6b529885",
                "88ed7c47-7045-4000-8240-77a1bc9055aa"
              ],
              "failures": [
                "57a9d169-f995-4217-a901-b0a1fe0363e9",
                "ee293ad5-616c-4e70-9c1b-8b79ba535a1d"
              ],
              "pending": [],
              "skipped": [],
              "duration": 12315,
              "root": false,
              "rootEmpty": false,
              "_timeout": 2000
            }
          ],
          "passes": [],
          "failures": [],
          "pending": [],
          "skipped": [],
          "duration": 0,
          "root": false,
          "rootEmpty": false,
          "_timeout": 2000
        }
      ],
      "passes": [],
      "failures": [],
      "pending": [],
      "skipped": [],
      "duration": 0,
      "root": true,
      "rootEmpty": true,
      "_timeout": 2000
    }
  ],
  "meta": {
    "mocha": {
      "version": "7.2.0"
    },
    "mochawesome": {
      "options": {
        "quiet": false,
        "reportFilename": "mochawesome",
        "saveHtml": true,
        "saveJson": true,
        "consoleReporter": "spec",
        "useInlineDiffs": false,
        "code": true
      },
      "version": "7.1.4"
    },
    "marge": {
      "options": {
        "reportDir": "cypress/reports",
        "overwrite": false,
        "html": true,
        "json": true,
        "charts": true,
        "reportPageTitle": "Cypress Login Test Report",
        "embeddedScreenshots": true,
        "inlineAssets": true
      },
      "version": "6.3.0"
    }
  }
}