{
  "stats": {
    "suites": 10,
    "tests": 17,
    "passes": 16,
    "pending": 0,
    "failures": 1,
    "start": "2025-11-06T19:29:19.016Z",
    "end": "2025-11-06T19:29:54.891Z",
    "duration": 35875,
    "testsRegistered": 17,
    "passPercent": 94.11764705882352,
    "pendingPercent": 0,
    "other": 0,
    "hasOther": false,
    "skipped": 0,
    "hasSkipped": false
  },
  "results": [
    {
      "uuid": "3443426e-5b60-4e45-b641-ba3b1d51501d",
      "title": "",
      "fullFile": "cypress/e2e/login-use-cases.cy.js",
      "file": "cypress/e2e/login-use-cases.cy.js",
      "beforeHooks": [],
      "afterHooks": [],
      "tests": [],
      "suites": [
        {
          "uuid": "a9d682e2-1c54-4e67-becd-64176e238633",
          "title": "Login Form - Flow Test Scenarios",
          "fullFile": "",
          "file": "",
          "beforeHooks": [],
          "afterHooks": [],
          "tests": [],
          "suites": [
            {
              "uuid": "21bdc30e-80db-4a7c-8058-da5389c7503b",
              "title": "UC-01: Happy Path - Valid Login",
              "fullFile": "",
              "file": "",
              "beforeHooks": [],
              "afterHooks": [],
              "tests": [
                {
                  "title": "should login successfully with valid credentials",
                  "fullTitle": "Login Form - Flow Test Scenarios UC-01: Happy Path - Valid Login should login successfully with valid credentials",
                  "timedOut": null,
                  "duration": 2257,
                  "state": "passed",
                  "speed": "fast",
                  "pass": true,
                  "fail": false,
                  "pending": false,
                  "context": null,
                  "code": "cy.login(users.validUser.email, users.validUser.password);\ncy.url().should('include', '/dashboard.html');\ncy.get('[data-cy=\"welcome-message\"]').should('contain', users.validUser.email);",
                  "err": {},
                  "uuid": "f5656ee9-f16c-4e35-a8b0-3805d8030c21",
                  "parentUUID": "21bdc30e-80db-4a7c-8058-da5389c7503b",
                  "isHook": false,
                  "skipped": false
                },
                {
                  "title": "should login successfully with \"Remember Me\" checked",
                  "fullTitle": "Login Form - Flow Test Scenarios UC-01: Happy Path - Valid Login should login successfully with \"Remember Me\" checked",
                  "timedOut": null,
                  "duration": 2220,
                  "state": "passed",
                  "speed": "fast",
                  "pass": true,
                  "fail": false,
                  "pending": false,
                  "context": null,
                  "code": "cy.login(users.validUser.email, users.validUser.password, null, true);\ncy.url().should('include', '/dashboard.html');\ncy.get('[data-cy=\"session-type\"]').should('contain', 'Persistent');\ncy.window().then(win => {\n  expect(win.localStorage.getItem('isLoggedIn')).to.equal('true');\n});",
                  "err": {},
                  "uuid": "2dcc321e-6989-461c-b88a-a3a131913c05",
                  "parentUUID": "21bdc30e-80db-4a7c-8058-da5389c7503b",
                  "isHook": false,
                  "skipped": false
                },
                {
                  "title": "should login successfully with MFA",
                  "fullTitle": "Login Form - Flow Test Scenarios UC-01: Happy Path - Valid Login should login successfully with MFA",
                  "timedOut": null,
                  "duration": 2393,
                  "state": "passed",
                  "speed": "fast",
                  "pass": true,
                  "fail": false,
                  "pending": false,
                  "context": null,
                  "code": "cy.login(users.mfaUser.email, users.mfaUser.password, users.mfaUser.mfaCode);\ncy.url().should('include', '/dashboard.html');\ncy.get('[data-cy=\"welcome-message\"]').should('contain', users.mfaUser.email);",
                  "err": {},
                  "uuid": "7eeb0906-b896-4491-be55-91bf208570bb",
                  "parentUUID": "21bdc30e-80db-4a7c-8058-da5389c7503b",
                  "isHook": false,
                  "skipped": false
                }
              ],
              "suites": [],
              "passes": [
                "f5656ee9-f16c-4e35-a8b0-3805d8030c21",
                "2dcc321e-6989-461c-b88a-a3a131913c05",
                "7eeb0906-b896-4491-be55-91bf208570bb"
              ],
              "failures": [],
              "pending": [],
              "skipped": [],
              "duration": 6870,
              "root": false,
              "rootEmpty": false,
              "_timeout": 2000
            },
            {
              "uuid": "e00f35cd-4e62-485b-9bd3-0b11518c6ee3",
              "title": "UC-02: Wrong Password",
              "fullFile": "",
              "file": "",
              "beforeHooks": [],
              "afterHooks": [],
              "tests": [
                {
                  "title": "should show error message for incorrect password",
                  "fullTitle": "Login Form - Flow Test Scenarios UC-02: Wrong Password should show error message for incorrect password",
                  "timedOut": null,
                  "duration": 662,
                  "state": "passed",
                  "speed": "fast",
                  "pass": true,
                  "fail": false,
                  "pending": false,
                  "context": null,
                  "code": "cy.get('[data-cy=\"email-input\"]').type(users.validUser.email);\ncy.get('[data-cy=\"password-input\"]').type('wrongpassword');\ncy.get('[data-cy=\"login-button\"]').click();\ncy.checkAlert('Invalid email or password');\ncy.get('[data-cy=\"login-attempts\"]').should('be.visible');",
                  "err": {},
                  "uuid": "8eaa1046-3141-4beb-a97c-9f07f3c2fdcc",
                  "parentUUID": "e00f35cd-4e62-485b-9bd3-0b11518c6ee3",
                  "isHook": false,
                  "skipped": false
                }
              ],
              "suites": [],
              "passes": [
                "8eaa1046-3141-4beb-a97c-9f07f3c2fdcc"
              ],
              "failures": [],
              "pending": [],
              "skipped": [],
              "duration": 662,
              "root": false,
              "rootEmpty": false,
              "_timeout": 2000
            },
            {
              "uuid": "5f674af0-92e3-458f-b148-088be45ed909",
              "title": "UC-03: Locked Account",
              "fullFile": "",
              "file": "",
              "beforeHooks": [],
              "afterHooks": [],
              "tests": [
                {
                  "title": "should show locked account message",
                  "fullTitle": "Login Form - Flow Test Scenarios UC-03: Locked Account should show locked account message",
                  "timedOut": null,
                  "duration": 4910,
                  "state": "failed",
                  "speed": null,
                  "pass": false,
                  "fail": true,
                  "pending": false,
                  "context": null,
                  "code": "cy.login(users.lockedUser.email, users.lockedUser.password);\ncy.checkAlert('Your account is locked');\ncy.url().should('not.include', '/dashboard.html');",
                  "err": {
                    "message": "AssertionError: Timed out retrying after 4000ms: Expected to find element: `[data-cy=\"alert-error\"]`, but never found it.",
                    "estack": "AssertionError: Timed out retrying after 4000ms: Expected to find element: `[data-cy=\"alert-error\"]`, but never found it.\n    at Context.eval (webpack://cypress-login-test-app/./cypress/support/commands.js:22:38)\n    at wrapped (http://localhost:8080/__cypress/runner/cypress_runner.js:141663:43)",
                    "diff": null
                  },
                  "uuid": "875e15f6-ff83-4afe-8046-87163f1bfd58",
                  "parentUUID": "5f674af0-92e3-458f-b148-088be45ed909",
                  "isHook": false,
                  "skipped": false
                }
              ],
              "suites": [],
              "passes": [],
              "failures": [
                "875e15f6-ff83-4afe-8046-87163f1bfd58"
              ],
              "pending": [],
              "skipped": [],
              "duration": 4910,
              "root": false,
              "rootEmpty": false,
              "_timeout": 2000
            },
            {
              "uuid": "05f7e002-9dad-458c-b56e-38ace65b1c30",
              "title": "UC-04: Unverified Account",
              "fullFile": "",
              "file": "",
              "beforeHooks": [],
              "afterHooks": [],
              "tests": [
                {
                  "title": "should show email verification message",
                  "fullTitle": "Login Form - Flow Test Scenarios UC-04: Unverified Account should show email verification message",
                  "timedOut": null,
                  "duration": 712,
                  "state": "passed",
                  "speed": "fast",
                  "pass": true,
                  "fail": false,
                  "pending": false,
                  "context": null,
                  "code": "cy.login(users.unverifiedUser.email, users.unverifiedUser.password);\ncy.checkAlert('Please verify your email', 'warning');\ncy.url().should('not.include', '/dashboard.html');",
                  "err": {},
                  "uuid": "735ffa3e-c1f6-4692-9d1c-1b7359719b8d",
                  "parentUUID": "05f7e002-9dad-458c-b56e-38ace65b1c30",
                  "isHook": false,
                  "skipped": false
                }
              ],
              "suites": [],
              "passes": [
                "735ffa3e-c1f6-4692-9d1c-1b7359719b8d"
              ],
              "failures": [],
              "pending": [],
              "skipped": [],
              "duration": 712,
              "root": false,
              "rootEmpty": false,
              "_timeout": 2000
            },
            {
              "uuid": "06d555e1-f3ce-4d3a-8be2-3671dd287f57",
              "title": "UC-05: Password Expired",
              "fullFile": "",
              "file": "",
              "beforeHooks": [],
              "afterHooks": [],
              "tests": [
                {
                  "title": "should redirect to password reset for expired password",
                  "fullTitle": "Login Form - Flow Test Scenarios UC-05: Password Expired should redirect to password reset for expired password",
                  "timedOut": null,
                  "duration": 2647,
                  "state": "passed",
                  "speed": "fast",
                  "pass": true,
                  "fail": false,
                  "pending": false,
                  "context": null,
                  "code": "cy.login(users.expiredPasswordUser.email, users.expiredPasswordUser.password);\ncy.checkAlert('Your password has expired', 'warning');\ncy.get('[data-cy=\"close-modal\"]', {\n  timeout: 3000\n}).should('be.visible');\ncy.get('[data-cy=\"reset-email-input\"]').should('have.value', users.expiredPasswordUser.email);",
                  "err": {},
                  "uuid": "c299bff4-774e-4e2b-a133-b041201cc211",
                  "parentUUID": "06d555e1-f3ce-4d3a-8be2-3671dd287f57",
                  "isHook": false,
                  "skipped": false
                }
              ],
              "suites": [],
              "passes": [
                "c299bff4-774e-4e2b-a133-b041201cc211"
              ],
              "failures": [],
              "pending": [],
              "skipped": [],
              "duration": 2647,
              "root": false,
              "rootEmpty": false,
              "_timeout": 2000
            },
            {
              "uuid": "e7a760ff-a2e5-4a29-a8df-6968833a0702",
              "title": "UC-06: Forgot Password",
              "fullFile": "",
              "file": "",
              "beforeHooks": [],
              "afterHooks": [],
              "tests": [
                {
                  "title": "should open forgot password modal",
                  "fullTitle": "Login Form - Flow Test Scenarios UC-06: Forgot Password should open forgot password modal",
                  "timedOut": null,
                  "duration": 96,
                  "state": "passed",
                  "speed": "fast",
                  "pass": true,
                  "fail": false,
                  "pending": false,
                  "context": null,
                  "code": "cy.get('[data-cy=\"forgot-password\"]').click();\ncy.get('[data-cy=\"close-modal\"]').should('be.visible');",
                  "err": {},
                  "uuid": "6bb48668-bb3d-40cf-ad84-83b6d00046bf",
                  "parentUUID": "e7a760ff-a2e5-4a29-a8df-6968833a0702",
                  "isHook": false,
                  "skipped": false
                },
                {
                  "title": "should send password reset email",
                  "fullTitle": "Login Form - Flow Test Scenarios UC-06: Forgot Password should send password reset email",
                  "timedOut": null,
                  "duration": 445,
                  "state": "passed",
                  "speed": "fast",
                  "pass": true,
                  "fail": false,
                  "pending": false,
                  "context": null,
                  "code": "cy.get('[data-cy=\"forgot-password\"]').click();\ncy.get('[data-cy=\"reset-email-input\"]').type(users.validUser.email);\ncy.get('[data-cy=\"send-reset-button\"]').click();\ncy.get('[data-cy=\"reset-success-message\"]').should('be.visible').and('contain', 'Password reset link sent');",
                  "err": {},
                  "uuid": "f64e6c58-1b4a-4e44-85fc-1dfc52c73981",
                  "parentUUID": "e7a760ff-a2e5-4a29-a8df-6968833a0702",
                  "isHook": false,
                  "skipped": false
                },
                {
                  "title": "should close modal after sending reset link",
                  "fullTitle": "Login Form - Flow Test Scenarios UC-06: Forgot Password should close modal after sending reset link",
                  "timedOut": null,
                  "duration": 3413,
                  "state": "passed",
                  "speed": "fast",
                  "pass": true,
                  "fail": false,
                  "pending": false,
                  "context": null,
                  "code": "cy.get('[data-cy=\"forgot-password\"]').click();\ncy.get('[data-cy=\"reset-email-input\"]').type(users.validUser.email);\ncy.get('[data-cy=\"send-reset-button\"]').click();\ncy.get('[data-cy=\"close-modal\"]', {\n  timeout: 4000\n}).should('not.be.visible');",
                  "err": {},
                  "uuid": "86756b2e-d932-45a7-bb15-4bed4a4e1135",
                  "parentUUID": "e7a760ff-a2e5-4a29-a8df-6968833a0702",
                  "isHook": false,
                  "skipped": false
                }
              ],
              "suites": [],
              "passes": [
                "6bb48668-bb3d-40cf-ad84-83b6d00046bf",
                "f64e6c58-1b4a-4e44-85fc-1dfc52c73981",
                "86756b2e-d932-45a7-bb15-4bed4a4e1135"
              ],
              "failures": [],
              "pending": [],
              "skipped": [],
              "duration": 3954,
              "root": false,
              "rootEmpty": false,
              "_timeout": 2000
            },
            {
              "uuid": "0778203e-82ff-4e58-8fa6-2a384731404f",
              "title": "UC-07: SSO Login",
              "fullFile": "",
              "file": "",
              "beforeHooks": [],
              "afterHooks": [],
              "tests": [
                {
                  "title": "should redirect to Google SSO",
                  "fullTitle": "Login Form - Flow Test Scenarios UC-07: SSO Login should redirect to Google SSO",
                  "timedOut": null,
                  "duration": 1588,
                  "state": "passed",
                  "speed": "fast",
                  "pass": true,
                  "fail": false,
                  "pending": false,
                  "context": null,
                  "code": "cy.get('[data-cy=\"google-login\"]').click();\ncy.checkAlert('Redirecting to Google login', 'info');\ncy.url({\n  timeout: 3000\n}).should('include', '/dashboard.html');\ncy.get('[data-cy=\"session-type\"]').should('contain', 'SSO-GOOGLE');",
                  "err": {},
                  "uuid": "15550039-c824-456c-b6b4-13fb68abd1f6",
                  "parentUUID": "0778203e-82ff-4e58-8fa6-2a384731404f",
                  "isHook": false,
                  "skipped": false
                },
                {
                  "title": "should redirect to GitHub SSO",
                  "fullTitle": "Login Form - Flow Test Scenarios UC-07: SSO Login should redirect to GitHub SSO",
                  "timedOut": null,
                  "duration": 1572,
                  "state": "passed",
                  "speed": "fast",
                  "pass": true,
                  "fail": false,
                  "pending": false,
                  "context": null,
                  "code": "cy.get('[data-cy=\"github-login\"]').click();\ncy.checkAlert('Redirecting to GitHub login', 'info');\ncy.url({\n  timeout: 3000\n}).should('include', '/dashboard.html');\ncy.get('[data-cy=\"session-type\"]').should('contain', 'SSO-GITHUB');",
                  "err": {},
                  "uuid": "a2de4a76-4d06-4f34-814b-e145bff16456",
                  "parentUUID": "0778203e-82ff-4e58-8fa6-2a384731404f",
                  "isHook": false,
                  "skipped": false
                }
              ],
              "suites": [],
              "passes": [
                "15550039-c824-456c-b6b4-13fb68abd1f6",
                "a2de4a76-4d06-4f34-814b-e145bff16456"
              ],
              "failures": [],
              "pending": [],
              "skipped": [],
              "duration": 3160,
              "root": false,
              "rootEmpty": false,
              "_timeout": 2000
            },
            {
              "uuid": "9caae97d-c122-4b33-bcde-2fa208f60e55",
              "title": "Additional UI Tests",
              "fullFile": "",
              "file": "",
              "beforeHooks": [],
              "afterHooks": [],
              "tests": [
                {
                  "title": "should show MFA input for MFA-enabled user",
                  "fullTitle": "Login Form - Flow Test Scenarios Additional UI Tests should show MFA input for MFA-enabled user",
                  "timedOut": null,
                  "duration": 624,
                  "state": "passed",
                  "speed": "fast",
                  "pass": true,
                  "fail": false,
                  "pending": false,
                  "context": null,
                  "code": "cy.get('[data-cy=\"email-input\"]').type(users.mfaUser.email);\ncy.get('[data-cy=\"password-input\"]').type(users.mfaUser.password);\ncy.get('[data-cy=\"login-button\"]').click();\ncy.get('[data-cy=\"mfa-input\"]').should('be.visible');\ncy.checkAlert('Please enter your MFA code', 'info');",
                  "err": {},
                  "uuid": "10730b82-3f4b-423d-b778-43f1d24b2206",
                  "parentUUID": "9caae97d-c122-4b33-bcde-2fa208f60e55",
                  "isHook": false,
                  "skipped": false
                },
                {
                  "title": "should refresh CAPTCHA code",
                  "fullTitle": "Login Form - Flow Test Scenarios Additional UI Tests should refresh CAPTCHA code",
                  "timedOut": null,
                  "duration": 5460,
                  "state": "passed",
                  "speed": "medium",
                  "pass": true,
                  "fail": false,
                  "pending": false,
                  "context": null,
                  "code": "for (let i = 0; i < 3; i++) {\n  cy.get('[data-cy=\"email-input\"]').clear().type(users.validUser.email);\n  cy.get('[data-cy=\"password-input\"]').clear().type('wrongpassword');\n  cy.get('[data-cy=\"login-button\"]').click();\n  cy.wait(1000);\n}\ncy.get('[data-cy=\"captcha-display\"]').invoke('text').then(firstCaptcha => {\n  cy.get('[data-cy=\"refresh-captcha\"]').click();\n  cy.get('[data-cy=\"captcha-display\"]').invoke('text').should('not.equal', firstCaptcha);\n});",
                  "err": {},
                  "uuid": "a0aca163-4939-45ed-8b19-233d80737a10",
                  "parentUUID": "9caae97d-c122-4b33-bcde-2fa208f60e55",
                  "isHook": false,
                  "skipped": false
                }
              ],
              "suites": [],
              "passes": [
                "10730b82-3f4b-423d-b778-43f1d24b2206",
                "a0aca163-4939-45ed-8b19-233d80737a10"
              ],
              "failures": [],
              "pending": [],
              "skipped": [],
              "duration": 6084,
              "root": false,
              "rootEmpty": false,
              "_timeout": 2000
            },
            {
              "uuid": "93f35c86-42dc-43d3-bbc1-81ac0fcb8f7a",
              "title": "UC-08: Session Management",
              "fullFile": "",
              "file": "",
              "beforeHooks": [],
              "afterHooks": [],
              "tests": [
                {
                  "title": "should logout successfully",
                  "fullTitle": "Login Form - Flow Test Scenarios UC-08: Session Management should logout successfully",
                  "timedOut": null,
                  "duration": 2218,
                  "state": "passed",
                  "speed": "fast",
                  "pass": true,
                  "fail": false,
                  "pending": false,
                  "context": null,
                  "code": "cy.login(users.validUser.email, users.validUser.password);\ncy.url().should('include', '/dashboard.html');\ncy.get('[data-cy=\"logout-button\"]').click();\ncy.url().should('not.include', '/dashboard.html');\ncy.url().should('include', 'index.html');",
                  "err": {},
                  "uuid": "68771e85-f61c-4f88-9039-a03747c0e29d",
                  "parentUUID": "93f35c86-42dc-43d3-bbc1-81ac0fcb8f7a",
                  "isHook": false,
                  "skipped": false
                },
                {
                  "title": "should redirect to dashboard if already logged in",
                  "fullTitle": "Login Form - Flow Test Scenarios UC-08: Session Management should redirect to dashboard if already logged in",
                  "timedOut": null,
                  "duration": 2162,
                  "state": "passed",
                  "speed": "fast",
                  "pass": true,
                  "fail": false,
                  "pending": false,
                  "context": null,
                  "code": "cy.login(users.validUser.email, users.validUser.password);\ncy.url().should('include', '/dashboard.html');\ncy.visit('/');\ncy.url().should('include', '/dashboard.html');",
                  "err": {},
                  "uuid": "d39c88c8-e241-4183-925f-123346cb4f00",
                  "parentUUID": "93f35c86-42dc-43d3-bbc1-81ac0fcb8f7a",
                  "isHook": false,
                  "skipped": false
                },
                {
                  "title": "should not persist session without Remember Me",
                  "fullTitle": "Login Form - Flow Test Scenarios UC-08: Session Management should not persist session without Remember Me",
                  "timedOut": null,
                  "duration": 2134,
                  "state": "passed",
                  "speed": "fast",
                  "pass": true,
                  "fail": false,
                  "pending": false,
                  "context": null,
                  "code": "cy.login(users.validUser.email, users.validUser.password);\ncy.url().should('include', '/dashboard.html');\ncy.window().then(win => {\n  expect(win.sessionStorage.getItem('isLoggedIn')).to.equal('true');\n  expect(win.localStorage.getItem('isLoggedIn')).to.be.null;\n});",
                  "err": {},
                  "uuid": "8688f066-5518-4484-ab7c-c8e0886c909a",
                  "parentUUID": "93f35c86-42dc-43d3-bbc1-81ac0fcb8f7a",
                  "isHook": false,
                  "skipped": false
                }
              ],
              "suites": [],
              "passes": [
                "68771e85-f61c-4f88-9039-a03747c0e29d",
                "d39c88c8-e241-4183-925f-123346cb4f00",
                "8688f066-5518-4484-ab7c-c8e0886c909a"
              ],
              "failures": [],
              "pending": [],
              "skipped": [],
              "duration": 6514,
              "root": false,
              "rootEmpty": false,
              "_timeout": 2000
            }
          ],
          "passes": [],
          "failures": [],
          "pending": [],
          "skipped": [],
          "duration": 0,
          "root": false,
          "rootEmpty": false,
          "_timeout": 2000
        }
      ],
      "passes": [],
      "failures": [],
      "pending": [],
      "skipped": [],
      "duration": 0,
      "root": true,
      "rootEmpty": true,
      "_timeout": 2000
    }
  ],
  "meta": {
    "mocha": {
      "version": "7.2.0"
    },
    "mochawesome": {
      "options": {
        "quiet": false,
        "reportFilename": "mochawesome",
        "saveHtml": true,
        "saveJson": true,
        "consoleReporter": "spec",
        "useInlineDiffs": false,
        "code": true
      },
      "version": "7.1.4"
    },
    "marge": {
      "options": {
        "reportDir": "cypress/reports",
        "overwrite": false,
        "html": true,
        "json": true,
        "charts": true,
        "reportPageTitle": "Cypress Login Test Report",
        "embeddedScreenshots": true,
        "inlineAssets": true
      },
      "version": "6.3.0"
    }
  }
}