{
  "stats": {
    "suites": 18,
    "tests": 49,
    "passes": 49,
    "pending": 0,
    "failures": 0,
    "start": "2025-10-29T17:15:47.305Z",
    "end": "2025-10-29T17:16:08.498Z",
    "duration": 21193,
    "testsRegistered": 49,
    "passPercent": 100,
    "pendingPercent": 0,
    "other": 0,
    "hasOther": false,
    "skipped": 0,
    "hasSkipped": false
  },
  "results": [
    {
      "uuid": "188679fa-dc85-4447-ab43-1938ce124e27",
      "title": "",
      "fullFile": "cypress/e2e/login-ui-ux-tests.cy.js",
      "file": "cypress/e2e/login-ui-ux-tests.cy.js",
      "beforeHooks": [],
      "afterHooks": [],
      "tests": [],
      "suites": [
        {
          "uuid": "84fd4cf8-7cc8-416f-bf23-4ed22b773a27",
          "title": "Login UI/UX Tests",
          "fullFile": "",
          "file": "",
          "beforeHooks": [],
          "afterHooks": [],
          "tests": [],
          "suites": [
            {
              "uuid": "a5e9c92f-cb19-4c2f-9a22-25eeab6d4cd9",
              "title": "Logo and branding visible",
              "fullFile": "",
              "file": "",
              "beforeHooks": [],
              "afterHooks": [],
              "tests": [
                {
                  "title": "should contain logo",
                  "fullTitle": "Login UI/UX Tests Logo and branding visible should contain logo",
                  "timedOut": null,
                  "duration": 99,
                  "state": "passed",
                  "speed": "fast",
                  "pass": true,
                  "fail": false,
                  "pending": false,
                  "context": null,
                  "code": "cy.get('.logo').should('be.visible');",
                  "err": {},
                  "uuid": "2c47789e-8258-40c6-9751-bb3c13179247",
                  "parentUUID": "a5e9c92f-cb19-4c2f-9a22-25eeab6d4cd9",
                  "isHook": false,
                  "skipped": false
                },
                {
                  "title": "should contain branding text",
                  "fullTitle": "Login UI/UX Tests Logo and branding visible should contain branding text",
                  "timedOut": null,
                  "duration": 37,
                  "state": "passed",
                  "speed": "fast",
                  "pass": true,
                  "fail": false,
                  "pending": false,
                  "context": null,
                  "code": "cy.get('[data-cy=\"brand-name\"]').should('be.visible').and('contain', 'SecureAuth');",
                  "err": {},
                  "uuid": "d4be22d6-9c26-4762-9f3c-b55d18d0de90",
                  "parentUUID": "a5e9c92f-cb19-4c2f-9a22-25eeab6d4cd9",
                  "isHook": false,
                  "skipped": false
                }
              ],
              "suites": [],
              "passes": [
                "2c47789e-8258-40c6-9751-bb3c13179247",
                "d4be22d6-9c26-4762-9f3c-b55d18d0de90"
              ],
              "failures": [],
              "pending": [],
              "skipped": [],
              "duration": 136,
              "root": false,
              "rootEmpty": false,
              "_timeout": 2000
            },
            {
              "uuid": "36d33dca-13fc-48c1-af08-cdc98372c7e4",
              "title": "Username/email and password fields labeled",
              "fullFile": "",
              "file": "",
              "beforeHooks": [],
              "afterHooks": [],
              "tests": [
                {
                  "title": "should contain username/email field",
                  "fullTitle": "Login UI/UX Tests Username/email and password fields labeled should contain username/email field",
                  "timedOut": null,
                  "duration": 32,
                  "state": "passed",
                  "speed": "fast",
                  "pass": true,
                  "fail": false,
                  "pending": false,
                  "context": null,
                  "code": "cy.contains('Email Address').should('be.visible');\ncy.get('[data-cy=\"email-input\"]').should('be.visible').and('have.attr', 'placeholder', 'Enter your email');",
                  "err": {},
                  "uuid": "7f3280b7-945a-4289-bda0-aa2616d729ba",
                  "parentUUID": "36d33dca-13fc-48c1-af08-cdc98372c7e4",
                  "isHook": false,
                  "skipped": false
                },
                {
                  "title": "should contain password field",
                  "fullTitle": "Login UI/UX Tests Username/email and password fields labeled should contain password field",
                  "timedOut": null,
                  "duration": 27,
                  "state": "passed",
                  "speed": "fast",
                  "pass": true,
                  "fail": false,
                  "pending": false,
                  "context": null,
                  "code": "cy.contains('Password').should('be.visible');\ncy.get('[data-cy=\"password-input\"]').should('be.visible').and('have.attr', 'placeholder', 'Enter your password');",
                  "err": {},
                  "uuid": "db5eda7b-087a-46ea-aa3f-73dbc0f890be",
                  "parentUUID": "36d33dca-13fc-48c1-af08-cdc98372c7e4",
                  "isHook": false,
                  "skipped": false
                }
              ],
              "suites": [],
              "passes": [
                "7f3280b7-945a-4289-bda0-aa2616d729ba",
                "db5eda7b-087a-46ea-aa3f-73dbc0f890be"
              ],
              "failures": [],
              "pending": [],
              "skipped": [],
              "duration": 59,
              "root": false,
              "rootEmpty": false,
              "_timeout": 2000
            },
            {
              "uuid": "21d35688-c45d-44f5-b735-d07c059a521c",
              "title": "Button visibility and state",
              "fullFile": "",
              "file": "",
              "beforeHooks": [],
              "afterHooks": [],
              "tests": [
                {
                  "title": "should display visible and aligned login button",
                  "fullTitle": "Login UI/UX Tests Button visibility and state should display visible and aligned login button",
                  "timedOut": null,
                  "duration": 28,
                  "state": "passed",
                  "speed": "fast",
                  "pass": true,
                  "fail": false,
                  "pending": false,
                  "context": null,
                  "code": "cy.get('[data-cy=\"login-button\"]').should('be.visible').and('contain', 'Login').and('have.attr', 'type', 'submit').and('have.attr', 'id', 'login-btn');",
                  "err": {},
                  "uuid": "66342142-a5ab-47e0-b746-8b55bce7d6c2",
                  "parentUUID": "21d35688-c45d-44f5-b735-d07c059a521c",
                  "isHook": false,
                  "skipped": false
                }
              ],
              "suites": [],
              "passes": [
                "66342142-a5ab-47e0-b746-8b55bce7d6c2"
              ],
              "failures": [],
              "pending": [],
              "skipped": [],
              "duration": 28,
              "root": false,
              "rootEmpty": false,
              "_timeout": 2000
            },
            {
              "uuid": "ee6c5ae5-3f94-4366-b240-869a6fa61839",
              "title": "Links visible and working",
              "fullFile": "",
              "file": "",
              "beforeHooks": [],
              "afterHooks": [],
              "tests": [
                {
                  "title": "should display \"Forgot password?\" link",
                  "fullTitle": "Login UI/UX Tests Links visible and working should display \"Forgot password?\" link",
                  "timedOut": null,
                  "duration": 171,
                  "state": "passed",
                  "speed": "fast",
                  "pass": true,
                  "fail": false,
                  "pending": false,
                  "context": null,
                  "code": "cy.get('[data-cy=\"forgot-password\"]').should('be.visible').and('contain', 'Forgot password?').click();\ncy.get('[class=\"modal-content\"]').should('be.visible');\ncy.get('[data-cy=\"close-modal\"]').click();\ncy.get('[class=\"modal-content\"]').should('not.be.visible');",
                  "err": {},
                  "uuid": "87ba8391-9bd6-4169-a043-544900e0fad4",
                  "parentUUID": "ee6c5ae5-3f94-4366-b240-869a6fa61839",
                  "isHook": false,
                  "skipped": false
                },
                {
                  "title": "should display \"Sign up\" link with correct href",
                  "fullTitle": "Login UI/UX Tests Links visible and working should display \"Sign up\" link with correct href",
                  "timedOut": null,
                  "duration": 27,
                  "state": "passed",
                  "speed": "fast",
                  "pass": true,
                  "fail": false,
                  "pending": false,
                  "context": null,
                  "code": "cy.get('[data-cy=\"signup-link\"]').should('be.visible').and('contain', 'Sign up').and('have.attr', 'href', 'pages/signup.html');",
                  "err": {},
                  "uuid": "42cda6a5-6b2d-4868-82c5-af55acd7b1a1",
                  "parentUUID": "ee6c5ae5-3f94-4366-b240-869a6fa61839",
                  "isHook": false,
                  "skipped": false
                }
              ],
              "suites": [],
              "passes": [
                "87ba8391-9bd6-4169-a043-544900e0fad4",
                "42cda6a5-6b2d-4868-82c5-af55acd7b1a1"
              ],
              "failures": [],
              "pending": [],
              "skipped": [],
              "duration": 198,
              "root": false,
              "rootEmpty": false,
              "_timeout": 2000
            },
            {
              "uuid": "39cb387c-30e2-4d93-a049-ac4ee16f7e01",
              "title": "Consistent font, colors, and spacing",
              "fullFile": "",
              "file": "",
              "beforeHooks": [],
              "afterHooks": [],
              "tests": [
                {
                  "title": "should have consistent font family",
                  "fullTitle": "Login UI/UX Tests Consistent font, colors, and spacing should have consistent font family",
                  "timedOut": null,
                  "duration": 22,
                  "state": "passed",
                  "speed": "fast",
                  "pass": true,
                  "fail": false,
                  "pending": false,
                  "context": null,
                  "code": "cy.get('body').should('have.css', 'font-family');\ncy.get('[data-cy=\"brand-name\"]').should('have.css', 'font-family');\ncy.get('[data-cy=\"email-input\"]').should('have.css', 'font-family');",
                  "err": {},
                  "uuid": "2944375c-870a-4f77-9396-3cae06fad9d0",
                  "parentUUID": "39cb387c-30e2-4d93-a049-ac4ee16f7e01",
                  "isHook": false,
                  "skipped": false
                },
                {
                  "title": "should use primary brand color consistently",
                  "fullTitle": "Login UI/UX Tests Consistent font, colors, and spacing should use primary brand color consistently",
                  "timedOut": null,
                  "duration": 24,
                  "state": "passed",
                  "speed": "fast",
                  "pass": true,
                  "fail": false,
                  "pending": false,
                  "context": null,
                  "code": "cy.get('[data-cy=\"brand-name\"]').should('have.css', 'color', 'rgb(102, 126, 234)');\ncy.get('[data-cy=\"login-button\"]').should('have.css', 'background-color', 'rgb(102, 126, 234)');",
                  "err": {},
                  "uuid": "c3ac0758-18c0-4bce-95fc-af468a1976c0",
                  "parentUUID": "39cb387c-30e2-4d93-a049-ac4ee16f7e01",
                  "isHook": false,
                  "skipped": false
                },
                {
                  "title": "should have consistent spacing between form fields",
                  "fullTitle": "Login UI/UX Tests Consistent font, colors, and spacing should have consistent spacing between form fields",
                  "timedOut": null,
                  "duration": 23,
                  "state": "passed",
                  "speed": "fast",
                  "pass": true,
                  "fail": false,
                  "pending": false,
                  "context": null,
                  "code": "cy.get('.form-group').first().should('have.css', 'margin-bottom', '20px');",
                  "err": {},
                  "uuid": "3ae089c1-5f10-436e-b2d0-f041655a16cf",
                  "parentUUID": "39cb387c-30e2-4d93-a049-ac4ee16f7e01",
                  "isHook": false,
                  "skipped": false
                },
                {
                  "title": "should have consistent input border radius",
                  "fullTitle": "Login UI/UX Tests Consistent font, colors, and spacing should have consistent input border radius",
                  "timedOut": null,
                  "duration": 22,
                  "state": "passed",
                  "speed": "fast",
                  "pass": true,
                  "fail": false,
                  "pending": false,
                  "context": null,
                  "code": "cy.get('[data-cy=\"email-input\"]').should('have.css', 'border-radius', '8px');",
                  "err": {},
                  "uuid": "30e6e5bc-85e4-4012-8718-d213dba128c5",
                  "parentUUID": "39cb387c-30e2-4d93-a049-ac4ee16f7e01",
                  "isHook": false,
                  "skipped": false
                },
                {
                  "title": "should have consistent button styling",
                  "fullTitle": "Login UI/UX Tests Consistent font, colors, and spacing should have consistent button styling",
                  "timedOut": null,
                  "duration": 22,
                  "state": "passed",
                  "speed": "fast",
                  "pass": true,
                  "fail": false,
                  "pending": false,
                  "context": null,
                  "code": "cy.get('[data-cy=\"login-button\"]').should('have.css', 'border-radius', '8px').and('have.css', 'color', 'rgb(255, 255, 255)');",
                  "err": {},
                  "uuid": "53498fe9-3d37-4c20-a712-887acb607052",
                  "parentUUID": "39cb387c-30e2-4d93-a049-ac4ee16f7e01",
                  "isHook": false,
                  "skipped": false
                }
              ],
              "suites": [],
              "passes": [
                "2944375c-870a-4f77-9396-3cae06fad9d0",
                "c3ac0758-18c0-4bce-95fc-af468a1976c0",
                "3ae089c1-5f10-436e-b2d0-f041655a16cf",
                "30e6e5bc-85e4-4012-8718-d213dba128c5",
                "53498fe9-3d37-4c20-a712-887acb607052"
              ],
              "failures": [],
              "pending": [],
              "skipped": [],
              "duration": 113,
              "root": false,
              "rootEmpty": false,
              "_timeout": 2000
            },
            {
              "uuid": "983b7d8d-f46e-4ab4-9feb-ccd7f2c6aa62",
              "title": "Email field validation",
              "fullFile": "",
              "file": "",
              "beforeHooks": [],
              "afterHooks": [],
              "tests": [
                {
                  "title": "should accept valid email format",
                  "fullTitle": "Login UI/UX Tests Email field validation should accept valid email format",
                  "timedOut": null,
                  "duration": 330,
                  "state": "passed",
                  "speed": "fast",
                  "pass": true,
                  "fail": false,
                  "pending": false,
                  "context": null,
                  "code": "cy.get('[data-cy=\"email-input\"]').type('user@example.com').should('have.value', 'user@example.com');",
                  "err": {},
                  "uuid": "f1241774-b0a3-47fb-86f2-65b8575e66b6",
                  "parentUUID": "983b7d8d-f46e-4ab4-9feb-ccd7f2c6aa62",
                  "isHook": false,
                  "skipped": false
                },
                {
                  "title": "should have email type attribute",
                  "fullTitle": "Login UI/UX Tests Email field validation should have email type attribute",
                  "timedOut": null,
                  "duration": 24,
                  "state": "passed",
                  "speed": "fast",
                  "pass": true,
                  "fail": false,
                  "pending": false,
                  "context": null,
                  "code": "cy.get('[data-cy=\"email-input\"]').should('have.attr', 'type', 'email');",
                  "err": {},
                  "uuid": "2a9a4f32-92ab-4095-b85a-e91a5f336fd9",
                  "parentUUID": "983b7d8d-f46e-4ab4-9feb-ccd7f2c6aa62",
                  "isHook": false,
                  "skipped": false
                },
                {
                  "title": "should be required field",
                  "fullTitle": "Login UI/UX Tests Email field validation should be required field",
                  "timedOut": null,
                  "duration": 25,
                  "state": "passed",
                  "speed": "fast",
                  "pass": true,
                  "fail": false,
                  "pending": false,
                  "context": null,
                  "code": "cy.get('[data-cy=\"email-input\"]').should('have.attr', 'required');",
                  "err": {},
                  "uuid": "af9be218-086f-4a61-ac95-09a1b0cf2881",
                  "parentUUID": "983b7d8d-f46e-4ab4-9feb-ccd7f2c6aa62",
                  "isHook": false,
                  "skipped": false
                }
              ],
              "suites": [],
              "passes": [
                "f1241774-b0a3-47fb-86f2-65b8575e66b6",
                "2a9a4f32-92ab-4095-b85a-e91a5f336fd9",
                "af9be218-086f-4a61-ac95-09a1b0cf2881"
              ],
              "failures": [],
              "pending": [],
              "skipped": [],
              "duration": 379,
              "root": false,
              "rootEmpty": false,
              "_timeout": 2000
            },
            {
              "uuid": "3256eeaf-1670-45f9-9871-a0490598ffcc",
              "title": "Password masking",
              "fullFile": "",
              "file": "",
              "beforeHooks": [],
              "afterHooks": [],
              "tests": [
                {
                  "title": "should mask password by default",
                  "fullTitle": "Login UI/UX Tests Password masking should mask password by default",
                  "timedOut": null,
                  "duration": 22,
                  "state": "passed",
                  "speed": "fast",
                  "pass": true,
                  "fail": false,
                  "pending": false,
                  "context": null,
                  "code": "cy.get('[data-cy=\"password-input\"]').should('have.attr', 'type', 'password');",
                  "err": {},
                  "uuid": "13d77d40-c389-4dde-83bf-ad7456ff66e4",
                  "parentUUID": "3256eeaf-1670-45f9-9871-a0490598ffcc",
                  "isHook": false,
                  "skipped": false
                },
                {
                  "title": "should display toggle password button",
                  "fullTitle": "Login UI/UX Tests Password masking should display toggle password button",
                  "timedOut": null,
                  "duration": 22,
                  "state": "passed",
                  "speed": "fast",
                  "pass": true,
                  "fail": false,
                  "pending": false,
                  "context": null,
                  "code": "cy.get('[data-cy=\"toggle-password\"]').should('be.visible');",
                  "err": {},
                  "uuid": "109ab5a1-9c98-426b-828d-469db668825a",
                  "parentUUID": "3256eeaf-1670-45f9-9871-a0490598ffcc",
                  "isHook": false,
                  "skipped": false
                },
                {
                  "title": "should reveal password when toggle is clicked",
                  "fullTitle": "Login UI/UX Tests Password masking should reveal password when toggle is clicked",
                  "timedOut": null,
                  "duration": 435,
                  "state": "passed",
                  "speed": "fast",
                  "pass": true,
                  "fail": false,
                  "pending": false,
                  "context": null,
                  "code": "cy.get('[data-cy=\"password-input\"]').type('mySecretPassword');\ncy.get('[data-cy=\"password-input\"]').should('have.attr', 'type', 'password');\ncy.get('[data-cy=\"toggle-password\"]').click();\ncy.get('[data-cy=\"password-input\"]').should('have.attr', 'type', 'text');",
                  "err": {},
                  "uuid": "2aefa0c5-6f29-4455-8d31-4e0d01423678",
                  "parentUUID": "3256eeaf-1670-45f9-9871-a0490598ffcc",
                  "isHook": false,
                  "skipped": false
                },
                {
                  "title": "should hide password again when toggle is clicked twice",
                  "fullTitle": "Login UI/UX Tests Password masking should hide password again when toggle is clicked twice",
                  "timedOut": null,
                  "duration": 488,
                  "state": "passed",
                  "speed": "fast",
                  "pass": true,
                  "fail": false,
                  "pending": false,
                  "context": null,
                  "code": "cy.get('[data-cy=\"password-input\"]').type('mySecretPassword');\ncy.get('[data-cy=\"toggle-password\"]').click();\ncy.get('[data-cy=\"password-input\"]').should('have.attr', 'type', 'text');\ncy.get('[data-cy=\"toggle-password\"]').click();\ncy.get('[data-cy=\"password-input\"]').should('have.attr', 'type', 'password');",
                  "err": {},
                  "uuid": "25bd2fc7-fb40-4c7b-a568-e7c1e975afb5",
                  "parentUUID": "3256eeaf-1670-45f9-9871-a0490598ffcc",
                  "isHook": false,
                  "skipped": false
                },
                {
                  "title": "should keep password value when toggling visibility",
                  "fullTitle": "Login UI/UX Tests Password masking should keep password value when toggling visibility",
                  "timedOut": null,
                  "duration": 510,
                  "state": "passed",
                  "speed": "fast",
                  "pass": true,
                  "fail": false,
                  "pending": false,
                  "context": null,
                  "code": "const password = 'reallyStrongPassword2025';\ncy.get('[data-cy=\"password-input\"]').type(password);\ncy.get('[data-cy=\"toggle-password\"]').click();\ncy.get('[data-cy=\"password-input\"]').should('have.value', password);",
                  "err": {},
                  "uuid": "5d1de9fa-fe37-4770-8976-57cce0a7fc3b",
                  "parentUUID": "3256eeaf-1670-45f9-9871-a0490598ffcc",
                  "isHook": false,
                  "skipped": false
                }
              ],
              "suites": [],
              "passes": [
                "13d77d40-c389-4dde-83bf-ad7456ff66e4",
                "109ab5a1-9c98-426b-828d-469db668825a",
                "2aefa0c5-6f29-4455-8d31-4e0d01423678",
                "25bd2fc7-fb40-4c7b-a568-e7c1e975afb5",
                "5d1de9fa-fe37-4770-8976-57cce0a7fc3b"
              ],
              "failures": [],
              "pending": [],
              "skipped": [],
              "duration": 1477,
              "root": false,
              "rootEmpty": false,
              "_timeout": 2000
            },
            {
              "uuid": "9fbf58d1-9608-488a-beda-21815473b51d",
              "title": "Tab order (keyboard navigation)",
              "fullFile": "",
              "file": "",
              "beforeHooks": [],
              "afterHooks": [],
              "tests": [
                {
                  "title": "should allow focusing email field",
                  "fullTitle": "Login UI/UX Tests Tab order (keyboard navigation) should allow focusing email field",
                  "timedOut": null,
                  "duration": 28,
                  "state": "passed",
                  "speed": "fast",
                  "pass": true,
                  "fail": false,
                  "pending": false,
                  "context": null,
                  "code": "cy.get('[data-cy=\"email-input\"]').focus();\ncy.focused().should('have.attr', 'data-cy', 'email-input');",
                  "err": {},
                  "uuid": "3d060d07-1231-4068-bb75-82c469e5edce",
                  "parentUUID": "9fbf58d1-9608-488a-beda-21815473b51d",
                  "isHook": false,
                  "skipped": false
                },
                {
                  "title": "should allow focusing password field",
                  "fullTitle": "Login UI/UX Tests Tab order (keyboard navigation) should allow focusing password field",
                  "timedOut": null,
                  "duration": 22,
                  "state": "passed",
                  "speed": "fast",
                  "pass": true,
                  "fail": false,
                  "pending": false,
                  "context": null,
                  "code": "cy.get('[data-cy=\"password-input\"]').focus();\ncy.focused().should('have.attr', 'data-cy', 'password-input');",
                  "err": {},
                  "uuid": "4c5610b2-bcc3-4868-9c44-f5602722f121",
                  "parentUUID": "9fbf58d1-9608-488a-beda-21815473b51d",
                  "isHook": false,
                  "skipped": false
                },
                {
                  "title": "should allow focusing login button",
                  "fullTitle": "Login UI/UX Tests Tab order (keyboard navigation) should allow focusing login button",
                  "timedOut": null,
                  "duration": 21,
                  "state": "passed",
                  "speed": "fast",
                  "pass": true,
                  "fail": false,
                  "pending": false,
                  "context": null,
                  "code": "cy.get('[data-cy=\"login-button\"]').focus();\ncy.focused().should('have.attr', 'data-cy', 'login-button');",
                  "err": {},
                  "uuid": "d11381ea-e315-42d2-85e7-77304c5ba82e",
                  "parentUUID": "9fbf58d1-9608-488a-beda-21815473b51d",
                  "isHook": false,
                  "skipped": false
                },
                {
                  "title": "should submit form with Enter key in login field",
                  "fullTitle": "Login UI/UX Tests Tab order (keyboard navigation) should submit form with Enter key in login field",
                  "timedOut": null,
                  "duration": 506,
                  "state": "passed",
                  "speed": "fast",
                  "pass": true,
                  "fail": false,
                  "pending": false,
                  "context": null,
                  "code": "cy.get('[data-cy=\"email-input\"]').type('user@test.com{enter}');\ncy.get('[data-cy=\"password-input\"]').type('Password123!{enter}');\ncy.get('[data-cy=\"login-button\"]').should('exist');",
                  "err": {},
                  "uuid": "8587d1f6-cf86-451b-8bb5-613da1075e45",
                  "parentUUID": "9fbf58d1-9608-488a-beda-21815473b51d",
                  "isHook": false,
                  "skipped": false
                }
              ],
              "suites": [],
              "passes": [
                "3d060d07-1231-4068-bb75-82c469e5edce",
                "4c5610b2-bcc3-4868-9c44-f5602722f121",
                "d11381ea-e315-42d2-85e7-77304c5ba82e",
                "8587d1f6-cf86-451b-8bb5-613da1075e45"
              ],
              "failures": [],
              "pending": [],
              "skipped": [],
              "duration": 577,
              "root": false,
              "rootEmpty": false,
              "_timeout": 2000
            },
            {
              "uuid": "416ca91f-5b83-48b2-86c6-8dbd23e21b9a",
              "title": "Autofill and Remember me",
              "fullFile": "",
              "file": "",
              "beforeHooks": [],
              "afterHooks": [],
              "tests": [
                {
                  "title": "should display \"Remember me\" checkbox",
                  "fullTitle": "Login UI/UX Tests Autofill and Remember me should display \"Remember me\" checkbox",
                  "timedOut": null,
                  "duration": 24,
                  "state": "passed",
                  "speed": "fast",
                  "pass": true,
                  "fail": false,
                  "pending": false,
                  "context": null,
                  "code": "cy.get('[data-cy=\"remember-me\"]').should('be.visible');",
                  "err": {},
                  "uuid": "a2e82ff3-9a9b-4f23-b69e-be7d565fa842",
                  "parentUUID": "416ca91f-5b83-48b2-86c6-8dbd23e21b9a",
                  "isHook": false,
                  "skipped": false
                },
                {
                  "title": "should display \"Remember me\" label",
                  "fullTitle": "Login UI/UX Tests Autofill and Remember me should display \"Remember me\" label",
                  "timedOut": null,
                  "duration": 22,
                  "state": "passed",
                  "speed": "fast",
                  "pass": true,
                  "fail": false,
                  "pending": false,
                  "context": null,
                  "code": "cy.contains('Remember me').should('be.visible');",
                  "err": {},
                  "uuid": "fa8425f5-0748-4984-ac0a-2b592ab0220f",
                  "parentUUID": "416ca91f-5b83-48b2-86c6-8dbd23e21b9a",
                  "isHook": false,
                  "skipped": false
                },
                {
                  "title": "should be unchecked by default",
                  "fullTitle": "Login UI/UX Tests Autofill and Remember me should be unchecked by default",
                  "timedOut": null,
                  "duration": 21,
                  "state": "passed",
                  "speed": "fast",
                  "pass": true,
                  "fail": false,
                  "pending": false,
                  "context": null,
                  "code": "cy.get('[data-cy=\"remember-me\"]').should('not.be.checked');",
                  "err": {},
                  "uuid": "2082e11b-8e4d-4350-a9cb-8da94145cb80",
                  "parentUUID": "416ca91f-5b83-48b2-86c6-8dbd23e21b9a",
                  "isHook": false,
                  "skipped": false
                },
                {
                  "title": "should allow checking the checkbox",
                  "fullTitle": "Login UI/UX Tests Autofill and Remember me should allow checking the checkbox",
                  "timedOut": null,
                  "duration": 93,
                  "state": "passed",
                  "speed": "fast",
                  "pass": true,
                  "fail": false,
                  "pending": false,
                  "context": null,
                  "code": "cy.get('[data-cy=\"remember-me\"]').check();\ncy.get('[data-cy=\"remember-me\"]').should('be.checked');",
                  "err": {},
                  "uuid": "347e00a7-bbd9-406c-9b4b-fa29190cdfd8",
                  "parentUUID": "416ca91f-5b83-48b2-86c6-8dbd23e21b9a",
                  "isHook": false,
                  "skipped": false
                },
                {
                  "title": "should allow unchecking the checkbox",
                  "fullTitle": "Login UI/UX Tests Autofill and Remember me should allow unchecking the checkbox",
                  "timedOut": null,
                  "duration": 165,
                  "state": "passed",
                  "speed": "fast",
                  "pass": true,
                  "fail": false,
                  "pending": false,
                  "context": null,
                  "code": "cy.get('[data-cy=\"remember-me\"]').check().uncheck();\ncy.get('[data-cy=\"remember-me\"]').should('not.be.checked');",
                  "err": {},
                  "uuid": "c61fd6e5-172b-44f1-b3fb-4ed6ed64ee71",
                  "parentUUID": "416ca91f-5b83-48b2-86c6-8dbd23e21b9a",
                  "isHook": false,
                  "skipped": false
                }
              ],
              "suites": [],
              "passes": [
                "a2e82ff3-9a9b-4f23-b69e-be7d565fa842",
                "fa8425f5-0748-4984-ac0a-2b592ab0220f",
                "2082e11b-8e4d-4350-a9cb-8da94145cb80",
                "347e00a7-bbd9-406c-9b4b-fa29190cdfd8",
                "c61fd6e5-172b-44f1-b3fb-4ed6ed64ee71"
              ],
              "failures": [],
              "pending": [],
              "skipped": [],
              "duration": 325,
              "root": false,
              "rootEmpty": false,
              "_timeout": 2000
            },
            {
              "uuid": "4a04ae4a-af05-4f13-9efd-e8b61a38dd95",
              "title": "Copy/paste in password field",
              "fullFile": "",
              "file": "",
              "beforeHooks": [],
              "afterHooks": [],
              "tests": [
                {
                  "title": "should allow pasting password",
                  "fullTitle": "Login UI/UX Tests Copy/paste in password field should allow pasting password",
                  "timedOut": null,
                  "duration": 29,
                  "state": "passed",
                  "speed": "fast",
                  "pass": true,
                  "fail": false,
                  "pending": false,
                  "context": null,
                  "code": "cy.get('[data-cy=\"password-input\"]').invoke('val', password).should('have.value', password);",
                  "err": {},
                  "uuid": "b0227b58-052a-4659-ae85-6d0ad4c4ca1f",
                  "parentUUID": "4a04ae4a-af05-4f13-9efd-e8b61a38dd95",
                  "isHook": false,
                  "skipped": false
                },
                {
                  "title": "should allow typing and clearing password",
                  "fullTitle": "Login UI/UX Tests Copy/paste in password field should allow typing and clearing password",
                  "timedOut": null,
                  "duration": 349,
                  "state": "passed",
                  "speed": "fast",
                  "pass": true,
                  "fail": false,
                  "pending": false,
                  "context": null,
                  "code": "cy.get('[data-cy=\"password-input\"]').type('ThePassword').should('have.value', 'ThePassword').clear().should('have.value', '');",
                  "err": {},
                  "uuid": "7853e5c4-be91-4c0b-8843-f5ed090a3265",
                  "parentUUID": "4a04ae4a-af05-4f13-9efd-e8b61a38dd95",
                  "isHook": false,
                  "skipped": false
                },
                {
                  "title": "should allow selecting all text in password field",
                  "fullTitle": "Login UI/UX Tests Copy/paste in password field should allow selecting all text in password field",
                  "timedOut": null,
                  "duration": 735,
                  "state": "passed",
                  "speed": "fast",
                  "pass": true,
                  "fail": false,
                  "pending": false,
                  "context": null,
                  "code": "cy.get('[data-cy=\"password-input\"]').type(password).type('{selectall}').type('EvenStrongerPassword').should('have.value', 'EvenStrongerPassword');",
                  "err": {},
                  "uuid": "0c5c353a-1f36-4469-9c33-2f0670826cd7",
                  "parentUUID": "4a04ae4a-af05-4f13-9efd-e8b61a38dd95",
                  "isHook": false,
                  "skipped": false
                },
                {
                  "title": "should allow backspace in password field",
                  "fullTitle": "Login UI/UX Tests Copy/paste in password field should allow backspace in password field",
                  "timedOut": null,
                  "duration": 355,
                  "state": "passed",
                  "speed": "fast",
                  "pass": true,
                  "fail": false,
                  "pending": false,
                  "context": null,
                  "code": "cy.get('[data-cy=\"password-input\"]').type('NewTest123').type('{backspace}{backspace}{backspace}').should('have.value', 'NewTest');",
                  "err": {},
                  "uuid": "03f646c1-1db0-411b-ad82-936dcdcf18f0",
                  "parentUUID": "4a04ae4a-af05-4f13-9efd-e8b61a38dd95",
                  "isHook": false,
                  "skipped": false
                }
              ],
              "suites": [],
              "passes": [
                "b0227b58-052a-4659-ae85-6d0ad4c4ca1f",
                "7853e5c4-be91-4c0b-8843-f5ed090a3265",
                "0c5c353a-1f36-4469-9c33-2f0670826cd7",
                "03f646c1-1db0-411b-ad82-936dcdcf18f0"
              ],
              "failures": [],
              "pending": [],
              "skipped": [],
              "duration": 1468,
              "root": false,
              "rootEmpty": false,
              "_timeout": 2000
            },
            {
              "uuid": "8b80780b-dbf3-47cd-97e4-bdbeb2dd8d1f",
              "title": "Inline validation - empty fields",
              "fullFile": "",
              "file": "",
              "beforeHooks": [],
              "afterHooks": [],
              "tests": [
                {
                  "title": "should prevent submission with empty fields",
                  "fullTitle": "Login UI/UX Tests Inline validation - empty fields should prevent submission with empty fields",
                  "timedOut": null,
                  "duration": 106,
                  "state": "passed",
                  "speed": "fast",
                  "pass": true,
                  "fail": false,
                  "pending": false,
                  "context": null,
                  "code": "cy.get('[data-cy=\"login-button\"]').click();\ncy.url().should('not.include', 'dashboard');",
                  "err": {},
                  "uuid": "929551de-6e5d-4d42-a496-3bf5666aac56",
                  "parentUUID": "8b80780b-dbf3-47cd-97e4-bdbeb2dd8d1f",
                  "isHook": false,
                  "skipped": false
                }
              ],
              "suites": [],
              "passes": [
                "929551de-6e5d-4d42-a496-3bf5666aac56"
              ],
              "failures": [],
              "pending": [],
              "skipped": [],
              "duration": 106,
              "root": false,
              "rootEmpty": false,
              "_timeout": 2000
            },
            {
              "uuid": "dcfed222-98cf-4ae4-ad16-0d2cd1ab4ac2",
              "title": "Error message clarity",
              "fullFile": "",
              "file": "",
              "beforeHooks": [],
              "afterHooks": [],
              "tests": [
                {
                  "title": "should display error message for invalid login",
                  "fullTitle": "Login UI/UX Tests Error message clarity should display error message for invalid login",
                  "timedOut": null,
                  "duration": 1615,
                  "state": "passed",
                  "speed": "fast",
                  "pass": true,
                  "fail": false,
                  "pending": false,
                  "context": null,
                  "code": "cy.get('[data-cy=\"email-input\"]').type('wrong@test.com');\ncy.get('[data-cy=\"password-input\"]').type('wrongpassword');\ncy.get('[data-cy=\"login-button\"]').click();\ncy.get('[data-cy=\"alert-error\"]').should('be.visible').and('contain', 'Invalid email or password');",
                  "err": {},
                  "uuid": "e58583c1-9e37-4255-81c7-99461ec432a4",
                  "parentUUID": "dcfed222-98cf-4ae4-ad16-0d2cd1ab4ac2",
                  "isHook": false,
                  "skipped": false
                },
                {
                  "title": "should use red styling for error messages",
                  "fullTitle": "Login UI/UX Tests Error message clarity should use red styling for error messages",
                  "timedOut": null,
                  "duration": 1625,
                  "state": "passed",
                  "speed": "fast",
                  "pass": true,
                  "fail": false,
                  "pending": false,
                  "context": null,
                  "code": "cy.get('[data-cy=\"email-input\"]').type('wrong@test.com');\ncy.get('[data-cy=\"password-input\"]').type('wrongpassword');\ncy.get('[data-cy=\"login-button\"]').click();\ncy.get('[data-cy=\"alert-error\"]').should('have.css', 'color', 'rgb(204, 51, 51)');",
                  "err": {},
                  "uuid": "cb599803-dbb7-47bf-8bd1-f2f2da57ff63",
                  "parentUUID": "dcfed222-98cf-4ae4-ad16-0d2cd1ab4ac2",
                  "isHook": false,
                  "skipped": false
                },
                {
                  "title": "should display success message after valid login",
                  "fullTitle": "Login UI/UX Tests Error message clarity should display success message after valid login",
                  "timedOut": null,
                  "duration": 1589,
                  "state": "passed",
                  "speed": "fast",
                  "pass": true,
                  "fail": false,
                  "pending": false,
                  "context": null,
                  "code": "cy.get('[data-cy=\"email-input\"]').type('user@test.com');\ncy.get('[data-cy=\"password-input\"]').type('Password123!');\ncy.get('[data-cy=\"login-button\"]').click();\ncy.get('[data-cy=\"alert-success\"]').should('be.visible').and('contain', 'Login successful');",
                  "err": {},
                  "uuid": "6c769020-162a-46ca-8fba-0dfc87ce32f9",
                  "parentUUID": "dcfed222-98cf-4ae4-ad16-0d2cd1ab4ac2",
                  "isHook": false,
                  "skipped": false
                }
              ],
              "suites": [],
              "passes": [
                "e58583c1-9e37-4255-81c7-99461ec432a4",
                "cb599803-dbb7-47bf-8bd1-f2f2da57ff63",
                "6c769020-162a-46ca-8fba-0dfc87ce32f9"
              ],
              "failures": [],
              "pending": [],
              "skipped": [],
              "duration": 4829,
              "root": false,
              "rootEmpty": false,
              "_timeout": 2000
            },
            {
              "uuid": "3a52f500-0b8d-498c-8fa9-fc8aabb41888",
              "title": "Generic error - invalid credentials",
              "fullFile": "",
              "file": "",
              "beforeHooks": [],
              "afterHooks": [],
              "tests": [
                {
                  "title": "should show generic error for wrong email",
                  "fullTitle": "Login UI/UX Tests Generic error - invalid credentials should show generic error for wrong email",
                  "timedOut": null,
                  "duration": 1668,
                  "state": "passed",
                  "speed": "fast",
                  "pass": true,
                  "fail": false,
                  "pending": false,
                  "context": null,
                  "code": "cy.get('[data-cy=\"email-input\"]').type('nonexistent@test.com');\ncy.get('[data-cy=\"password-input\"]').type('Password123!');\ncy.get('[data-cy=\"login-button\"]').click();\ncy.get('[data-cy=\"alert-error\"]').should('be.visible').and('contain', 'Invalid email or password').and('not.contain', 'user not found');",
                  "err": {},
                  "uuid": "dacc9a79-e67c-404f-9ce1-b3a3c405afd7",
                  "parentUUID": "3a52f500-0b8d-498c-8fa9-fc8aabb41888",
                  "isHook": false,
                  "skipped": false
                },
                {
                  "title": "should show generic error for wrong password",
                  "fullTitle": "Login UI/UX Tests Generic error - invalid credentials should show generic error for wrong password",
                  "timedOut": null,
                  "duration": 1617,
                  "state": "passed",
                  "speed": "fast",
                  "pass": true,
                  "fail": false,
                  "pending": false,
                  "context": null,
                  "code": "cy.get('[data-cy=\"email-input\"]').type('user@test.com');\ncy.get('[data-cy=\"password-input\"]').type('WrongPassword!');\ncy.get('[data-cy=\"login-button\"]').click();\ncy.get('[data-cy=\"alert-error\"]').should('be.visible').and('contain', 'Invalid email or password');",
                  "err": {},
                  "uuid": "055e0063-4ccd-4848-b7e0-45d978c33abd",
                  "parentUUID": "3a52f500-0b8d-498c-8fa9-fc8aabb41888",
                  "isHook": false,
                  "skipped": false
                }
              ],
              "suites": [],
              "passes": [
                "dacc9a79-e67c-404f-9ce1-b3a3c405afd7",
                "055e0063-4ccd-4848-b7e0-45d978c33abd"
              ],
              "failures": [],
              "pending": [],
              "skipped": [],
              "duration": 3285,
              "root": false,
              "rootEmpty": false,
              "_timeout": 2000
            },
            {
              "uuid": "17ff9594-f7a3-4891-9b31-169ded0ba8af",
              "title": "Lockout/CAPTCHA UI tests",
              "fullFile": "",
              "file": "",
              "beforeHooks": [],
              "afterHooks": [],
              "tests": [
                {
                  "title": "should display CAPTCHA after 3 failed attempts",
                  "fullTitle": "Login UI/UX Tests Lockout/CAPTCHA UI tests should display CAPTCHA after 3 failed attempts",
                  "timedOut": null,
                  "duration": 5331,
                  "state": "passed",
                  "speed": "medium",
                  "pass": true,
                  "fail": false,
                  "pending": false,
                  "context": null,
                  "code": "for (let i = 0; i < 3; i++) {\n  cy.get('[data-cy=\"email-input\"]').clear().type(email);\n  cy.get('[data-cy=\"password-input\"]').clear().type(wrongPassword);\n  cy.get('[data-cy=\"login-button\"]').click();\n  cy.wait(1000);\n}\ncy.get('[data-cy=\"captcha-display\"]').should('be.visible');\ncy.get('[data-cy=\"alert-warning\"]').should('contain', 'Too many failed attempts');",
                  "err": {},
                  "uuid": "4f6b52e6-7680-425a-bc53-72de56976c47",
                  "parentUUID": "17ff9594-f7a3-4891-9b31-169ded0ba8af",
                  "isHook": false,
                  "skipped": false
                }
              ],
              "suites": [],
              "passes": [
                "4f6b52e6-7680-425a-bc53-72de56976c47"
              ],
              "failures": [],
              "pending": [],
              "skipped": [],
              "duration": 5331,
              "root": false,
              "rootEmpty": false,
              "_timeout": 2000
            },
            {
              "uuid": "307b148a-a6cc-4a5d-908f-e48d9e10878d",
              "title": "Responsive layout",
              "fullFile": "",
              "file": "",
              "beforeHooks": [],
              "afterHooks": [],
              "tests": [
                {
                  "title": "should display correctly on tablet",
                  "fullTitle": "Login UI/UX Tests Responsive layout should display correctly on tablet",
                  "timedOut": null,
                  "duration": 25,
                  "state": "passed",
                  "speed": "fast",
                  "pass": true,
                  "fail": false,
                  "pending": false,
                  "context": null,
                  "code": "cy.viewport(1280, 720);\ncy.get('.login-box').should('be.visible');",
                  "err": {},
                  "uuid": "40ceee0c-2322-4ad5-8795-9b8aa291b9c5",
                  "parentUUID": "307b148a-a6cc-4a5d-908f-e48d9e10878d",
                  "isHook": false,
                  "skipped": false
                },
                {
                  "title": "should display correctly on tablet",
                  "fullTitle": "Login UI/UX Tests Responsive layout should display correctly on tablet",
                  "timedOut": null,
                  "duration": 21,
                  "state": "passed",
                  "speed": "fast",
                  "pass": true,
                  "fail": false,
                  "pending": false,
                  "context": null,
                  "code": "cy.viewport('ipad-2');\ncy.get('.login-box').should('be.visible');",
                  "err": {},
                  "uuid": "b5dfacc0-807e-4f11-91b4-dc652f2c4619",
                  "parentUUID": "307b148a-a6cc-4a5d-908f-e48d9e10878d",
                  "isHook": false,
                  "skipped": false
                },
                {
                  "title": "should display correctly on mobile",
                  "fullTitle": "Login UI/UX Tests Responsive layout should display correctly on mobile",
                  "timedOut": null,
                  "duration": 23,
                  "state": "passed",
                  "speed": "fast",
                  "pass": true,
                  "fail": false,
                  "pending": false,
                  "context": null,
                  "code": "cy.viewport('iphone-x');\ncy.get('.login-box').should('be.visible');\ncy.get('[data-cy=\"email-input\"]').should('be.visible');\ncy.get('[data-cy=\"password-input\"]').should('be.visible');",
                  "err": {},
                  "uuid": "0b9f2da8-237e-4b82-9655-80177076e01f",
                  "parentUUID": "307b148a-a6cc-4a5d-908f-e48d9e10878d",
                  "isHook": false,
                  "skipped": false
                },
                {
                  "title": "should adjust styling for mobile screens",
                  "fullTitle": "Login UI/UX Tests Responsive layout should adjust styling for mobile screens",
                  "timedOut": null,
                  "duration": 23,
                  "state": "passed",
                  "speed": "fast",
                  "pass": true,
                  "fail": false,
                  "pending": false,
                  "context": null,
                  "code": "cy.viewport(375, 667);\ncy.get('.login-box').should('have.css', 'padding', '25px');\ncy.get('h1').should('have.css', 'font-size', '24px');",
                  "err": {},
                  "uuid": "105a5197-d81a-49a6-bc22-29896703342c",
                  "parentUUID": "307b148a-a6cc-4a5d-908f-e48d9e10878d",
                  "isHook": false,
                  "skipped": false
                }
              ],
              "suites": [],
              "passes": [
                "40ceee0c-2322-4ad5-8795-9b8aa291b9c5",
                "b5dfacc0-807e-4f11-91b4-dc652f2c4619",
                "0b9f2da8-237e-4b82-9655-80177076e01f",
                "105a5197-d81a-49a6-bc22-29896703342c"
              ],
              "failures": [],
              "pending": [],
              "skipped": [],
              "duration": 92,
              "root": false,
              "rootEmpty": false,
              "_timeout": 2000
            },
            {
              "uuid": "8d3bdcd2-fdc5-4b6a-b6ab-44a5de9ce3a5",
              "title": "Mobile touch targets",
              "fullFile": "",
              "file": "",
              "beforeHooks": [],
              "afterHooks": [],
              "tests": [
                {
                  "title": "should have tappable buttons on mobile",
                  "fullTitle": "Login UI/UX Tests Mobile touch targets should have tappable buttons on mobile",
                  "timedOut": null,
                  "duration": 28,
                  "state": "passed",
                  "speed": "fast",
                  "pass": true,
                  "fail": false,
                  "pending": false,
                  "context": null,
                  "code": "cy.viewport('iphone-x');\ncy.get('[data-cy=\"login-button\"]').should('be.visible').invoke('outerHeight').should('be.gte', 44);",
                  "err": {},
                  "uuid": "106e94f5-c604-45c4-804a-bd6f0520d023",
                  "parentUUID": "8d3bdcd2-fdc5-4b6a-b6ab-44a5de9ce3a5",
                  "isHook": false,
                  "skipped": false
                },
                {
                  "title": "should have adequate spacing between clickable elements",
                  "fullTitle": "Login UI/UX Tests Mobile touch targets should have adequate spacing between clickable elements",
                  "timedOut": null,
                  "duration": 96,
                  "state": "passed",
                  "speed": "fast",
                  "pass": true,
                  "fail": false,
                  "pending": false,
                  "context": null,
                  "code": "cy.viewport('iphone-x');\ncy.get('[data-cy=\"remember-me\"]').should('be.visible');\ncy.get('[data-cy=\"forgot-password\"]').should('be.visible');\ncy.get('[data-cy=\"remember-me\"]').click();\ncy.get('[data-cy=\"remember-me\"]').should('be.checked');",
                  "err": {},
                  "uuid": "e7b441d2-ed35-4a2c-a384-48b9b5ff2077",
                  "parentUUID": "8d3bdcd2-fdc5-4b6a-b6ab-44a5de9ce3a5",
                  "isHook": false,
                  "skipped": false
                }
              ],
              "suites": [],
              "passes": [
                "106e94f5-c604-45c4-804a-bd6f0520d023",
                "e7b441d2-ed35-4a2c-a384-48b9b5ff2077"
              ],
              "failures": [],
              "pending": [],
              "skipped": [],
              "duration": 124,
              "root": false,
              "rootEmpty": false,
              "_timeout": 2000
            },
            {
              "uuid": "9ebcfc3d-1761-40bb-a63c-770d1e0c172e",
              "title": "Loading indicator",
              "fullFile": "",
              "file": "",
              "beforeHooks": [],
              "afterHooks": [],
              "tests": [
                {
                  "title": "should display loading spinner during login",
                  "fullTitle": "Login UI/UX Tests Loading indicator should display loading spinner during login",
                  "timedOut": null,
                  "duration": 638,
                  "state": "passed",
                  "speed": "fast",
                  "pass": true,
                  "fail": false,
                  "pending": false,
                  "context": null,
                  "code": "cy.get('[data-cy=\"email-input\"]').type('user@test.com');\ncy.get('[data-cy=\"password-input\"]').type('Password123!');\ncy.get('[data-cy=\"login-button\"]').click();\ncy.get('#btn-spinner').should('be.visible');",
                  "err": {},
                  "uuid": "ff40054e-19c3-438c-a0ca-06fed9d0d013",
                  "parentUUID": "9ebcfc3d-1761-40bb-a63c-770d1e0c172e",
                  "isHook": false,
                  "skipped": false
                },
                {
                  "title": "should hide button text while loading",
                  "fullTitle": "Login UI/UX Tests Loading indicator should hide button text while loading",
                  "timedOut": null,
                  "duration": 628,
                  "state": "passed",
                  "speed": "fast",
                  "pass": true,
                  "fail": false,
                  "pending": false,
                  "context": null,
                  "code": "cy.get('[data-cy=\"email-input\"]').type('user@test.com');\ncy.get('[data-cy=\"password-input\"]').type('Password123!');\ncy.get('[data-cy=\"login-button\"]').click();\ncy.get('#btn-text').should('not.be.visible');",
                  "err": {},
                  "uuid": "a876193b-5813-4839-b367-bcd1cc5c6f01",
                  "parentUUID": "9ebcfc3d-1761-40bb-a63c-770d1e0c172e",
                  "isHook": false,
                  "skipped": false
                },
                {
                  "title": "should disable login button during loading",
                  "fullTitle": "Login UI/UX Tests Loading indicator should disable login button during loading",
                  "timedOut": null,
                  "duration": 625,
                  "state": "passed",
                  "speed": "fast",
                  "pass": true,
                  "fail": false,
                  "pending": false,
                  "context": null,
                  "code": "cy.get('[data-cy=\"email-input\"]').type('user@test.com');\ncy.get('[data-cy=\"password-input\"]').type('Password123!');\ncy.get('[data-cy=\"login-button\"]').click();\ncy.get('[data-cy=\"login-button\"]').should('be.disabled');",
                  "err": {},
                  "uuid": "5dfea582-112b-4539-857d-6d06e38cbae5",
                  "parentUUID": "9ebcfc3d-1761-40bb-a63c-770d1e0c172e",
                  "isHook": false,
                  "skipped": false
                }
              ],
              "suites": [],
              "passes": [
                "ff40054e-19c3-438c-a0ca-06fed9d0d013",
                "a876193b-5813-4839-b367-bcd1cc5c6f01",
                "5dfea582-112b-4539-857d-6d06e38cbae5"
              ],
              "failures": [],
              "pending": [],
              "skipped": [],
              "duration": 1891,
              "root": false,
              "rootEmpty": false,
              "_timeout": 2000
            }
          ],
          "passes": [],
          "failures": [],
          "pending": [],
          "skipped": [],
          "duration": 0,
          "root": false,
          "rootEmpty": false,
          "_timeout": 2000
        }
      ],
      "passes": [],
      "failures": [],
      "pending": [],
      "skipped": [],
      "duration": 0,
      "root": true,
      "rootEmpty": true,
      "_timeout": 2000
    }
  ],
  "meta": {
    "mocha": {
      "version": "7.2.0"
    },
    "mochawesome": {
      "options": {
        "quiet": false,
        "reportFilename": "mochawesome",
        "saveHtml": true,
        "saveJson": true,
        "consoleReporter": "spec",
        "useInlineDiffs": false,
        "code": true
      },
      "version": "7.1.4"
    },
    "marge": {
      "options": {
        "reportDir": "cypress/reports",
        "overwrite": false,
        "html": true,
        "json": true,
        "charts": true,
        "reportPageTitle": "Cypress Login Test Report",
        "embeddedScreenshots": true,
        "inlineAssets": true
      },
      "version": "6.3.0"
    }
  }
}